###############################################################################
#                                                                             #
# IAR C/C++ Compiler V8.10.3.10338/W32 for 8051         26/Aug/2015  19:20:32 #
# Copyright 2004-2011 IAR Systems AB.                                         #
#                                                                             #
#    Core               =  plain                                              #
#    Code model         =  banked                                             #
#    Data model         =  large                                              #
#    Calling convention =  xdata reentrant                                    #
#    Constant location  =  data_rom                                           #
#    Dptr setup         =  1,16                                               #
#    Source file        =  S:\zigbee\Myzigbe\version 3.0 for                  #
#                          test\Projects\zstack\AT commands\AT command 3.2    #
#                          -Body Sensor\Source\AT_ZCL_temperature_data.c      #
#    Command line       =  -f "S:\zigbee\Myzigbe\version 3.0 for              #
#                          test\Projects\zstack\AT commands\AT command 3.2    #
#                          -Body Sensor\CC2530DB\..\..\..\Tools\CC2530DB\f8wE #
#                          ndev.cfg" (-DCPU32MHZ -DROOT=__near_func           #
#                          -DMAC_CFG_TX_DATA_MAX=3 -DMAC_CFG_TX_MAX=6         #
#                          -DMAC_CFG_RX_MAX=3) -f "S:\zigbee\Myzigbe\version  #
#                          3.0 for test\Projects\zstack\AT commands\AT        #
#                          command 3.2 -Body Sensor\CC2530DB\..\..\..\Tools\C #
#                          C2530DB\f8wConfig.cfg" (-DZIGBEEPRO -DSECURE=0     #
#                          -DZG_SECURE_DYNAMIC=0 -DREFLECTOR                  #
#                          -DDEFAULT_CHANLIST=0x00000800                      #
#                          -DZDAPP_CONFIG_PAN_ID=0xFFFF                       #
#                          -DNWK_START_DELAY=100 -DEXTENDED_JOINING_RANDOM_MA #
#                          SK=0x007F -DBEACON_REQUEST_DELAY=100               #
#                          -DBEACON_REQ_DELAY_MASK=0x00FF                     #
#                          -DLINK_STATUS_JITTER_MASK=0x007F                   #
#                          -DROUTE_EXPIRY_TIME=30 -DAPSC_ACK_WAIT_DURATION_PO #
#                          LLED=3000 -DNWK_INDIRECT_MSG_TIMEOUT=7             #
#                          -DMAX_RREQ_ENTRIES=8 -DAPSC_MAX_FRAME_RETRIES=3    #
#                          -DNWK_MAX_DATA_RETRIES=2                           #
#                          -DMAX_POLL_FAILURE_RETRIES=2 -DMAX_BCAST=9         #
#                          -DAPS_MAX_GROUPS=16 -DMAX_RTG_ENTRIES=40           #
#                          -DNWK_MAX_BINDING_ENTRIES=4                        #
#                          -DMAX_BINDING_CLUSTER_IDS=4 "-DDEFAULT_KEY={0x01,  #
#                          0x03, 0x05, 0x07, 0x09, 0x0B, 0x0D, 0x0F, 0x00,    #
#                          0x02, 0x04, 0x06, 0x08, 0x0A, 0x0C, 0x0D}"         #
#                          -DMAC_MAX_FRAME_SIZE=116                           #
#                          -DZDNWKMGR_MIN_TRANSMISSIONS=20 "-DCONST=const     #
#                          __code" -DGENERIC=__generic                        #
#                          -DRFD_RCVC_ALWAYS_ON=FALSE -DPOLL_RATE=1000        #
#                          -DQUEUED_POLL_RATE=100 -DRESPONSE_POLL_RATE=100)   #
#                          -DREJOIN_POLL_RATE=440 "S:\zigbee\Myzigbe\version  #
#                          3.0 for test\Projects\zstack\AT commands\AT        #
#                          command 3.2 -Body Sensor\Source\AT_ZCL_temperature #
#                          _data.c" -D ZIGBEEPRO -D NWK_AUTO_POLL -D          #
#                          HAL_UART=TRUE -D HOLD_AUTO_START -D NV_RESTORE -D  #
#                          REFLECTOR -D HAL_UART_ISR=1 -D HAL_UART_DMA=0 -D   #
#                          xHAL_UART_ISR_TX_MAX=200 -D xPOWER_SAVING -D       #
#                          ZCL_READ -D ZCL_WRITE -D ZCL_IDENTIFY -D           #
#                          ZCL_ON_OFF -D ZCL_DISCOVER -D xZTOOL_P1 -D         #
#                          xMT_TASK -D xMT_SYS_FUNC -D xMT_ZDO_FUNC -D        #
#                          xLCD_SUPPORTED=DEBUG -D xMT_UART_DEFAULT_OVERFLOW= #
#                          FALSE -lC "S:\zigbee\Myzigbe\version 3.0 for       #
#                          test\Projects\zstack\AT commands\AT command 3.2    #
#                          -Body Sensor\CC2530DB\EndDeviceEB\List\" -lA       #
#                          "S:\zigbee\Myzigbe\version 3.0 for                 #
#                          test\Projects\zstack\AT commands\AT command 3.2    #
#                          -Body Sensor\CC2530DB\EndDeviceEB\List\"           #
#                          --diag_suppress Pe001,Pa010 -o                     #
#                          "S:\zigbee\Myzigbe\version 3.0 for                 #
#                          test\Projects\zstack\AT commands\AT command 3.2    #
#                          -Body Sensor\CC2530DB\EndDeviceEB\Obj\" -e         #
#                          --no_code_motion --debug --core=plain --dptr=16,1  #
#                          --data_model=large --code_model=banked             #
#                          --calling_convention=xdata_reentrant               #
#                          --place_constants=data_rom --nr_virtual_regs 16    #
#                          -I "S:\zigbee\Myzigbe\version 3.0 for              #
#                          test\Projects\zstack\AT commands\AT command 3.2    #
#                          -Body Sensor\CC2530DB\" -I                         #
#                          "S:\zigbee\Myzigbe\version 3.0 for                 #
#                          test\Projects\zstack\AT commands\AT command 3.2    #
#                          -Body Sensor\CC2530DB\..\Source\" -I               #
#                          "S:\zigbee\Myzigbe\version 3.0 for                 #
#                          test\Projects\zstack\AT commands\AT command 3.2    #
#                          -Body Sensor\CC2530DB\..\Source\hal\" -I           #
#                          "S:\zigbee\Myzigbe\version 3.0 for                 #
#                          test\Projects\zstack\AT commands\AT command 3.2    #
#                          -Body Sensor\CC2530DB\..\Source\Modified\" -I      #
#                          "S:\zigbee\Myzigbe\version 3.0 for                 #
#                          test\Projects\zstack\AT commands\AT command 3.2    #
#                          -Body Sensor\CC2530DB\..\..\..\ZMain\TI2530DB\"    #
#                          -I "S:\zigbee\Myzigbe\version 3.0 for              #
#                          test\Projects\zstack\AT commands\AT command 3.2    #
#                          -Body Sensor\CC2530DB\..\..\..\..\..\Components\ha #
#                          l\include\" -I "S:\zigbee\Myzigbe\version 3.0 for  #
#                          test\Projects\zstack\AT commands\AT command 3.2    #
#                          -Body Sensor\CC2530DB\..\..\..\..\..\Components\ha #
#                          l\target\CC2530EB\" -I "S:\zigbee\Myzigbe\version  #
#                          3.0 for test\Projects\zstack\AT commands\AT        #
#                          command 3.2 -Body Sensor\CC2530DB\..\..\..\..\..\C #
#                          omponents\mac\include\" -I                         #
#                          "S:\zigbee\Myzigbe\version 3.0 for                 #
#                          test\Projects\zstack\AT commands\AT command 3.2    #
#                          -Body Sensor\CC2530DB\..\..\..\..\..\Components\ma #
#                          c\high_level\" -I "S:\zigbee\Myzigbe\version 3.0   #
#                          for test\Projects\zstack\AT commands\AT command    #
#                          3.2 -Body Sensor\CC2530DB\..\..\..\..\..\Component #
#                          s\mac\low_level\srf04\" -I                         #
#                          "S:\zigbee\Myzigbe\version 3.0 for                 #
#                          test\Projects\zstack\AT commands\AT command 3.2    #
#                          -Body Sensor\CC2530DB\..\..\..\..\..\Components\ma #
#                          c\low_level\srf04\single_chip\" -I                 #
#                          "S:\zigbee\Myzigbe\version 3.0 for                 #
#                          test\Projects\zstack\AT commands\AT command 3.2    #
#                          -Body Sensor\CC2530DB\..\..\..\..\..\Components\mt #
#                          \" -I "S:\zigbee\Myzigbe\version 3.0 for           #
#                          test\Projects\zstack\AT commands\AT command 3.2    #
#                          -Body Sensor\CC2530DB\..\..\..\..\..\Components\os #
#                          al\include\" -I "S:\zigbee\Myzigbe\version 3.0     #
#                          for test\Projects\zstack\AT commands\AT command    #
#                          3.2 -Body Sensor\CC2530DB\..\..\..\..\..\Component #
#                          s\services\saddr\" -I "S:\zigbee\Myzigbe\version   #
#                          3.0 for test\Projects\zstack\AT commands\AT        #
#                          command 3.2 -Body Sensor\CC2530DB\..\..\..\..\..\C #
#                          omponents\services\sdata\" -I                      #
#                          "S:\zigbee\Myzigbe\version 3.0 for                 #
#                          test\Projects\zstack\AT commands\AT command 3.2    #
#                          -Body Sensor\CC2530DB\..\..\..\..\..\Components\st #
#                          ack\af\" -I "S:\zigbee\Myzigbe\version 3.0 for     #
#                          test\Projects\zstack\AT commands\AT command 3.2    #
#                          -Body Sensor\CC2530DB\..\..\..\..\..\Components\st #
#                          ack\nwk\" -I "S:\zigbee\Myzigbe\version 3.0 for    #
#                          test\Projects\zstack\AT commands\AT command 3.2    #
#                          -Body Sensor\CC2530DB\..\..\..\..\..\Components\st #
#                          ack\sapi\" -I "S:\zigbee\Myzigbe\version 3.0 for   #
#                          test\Projects\zstack\AT commands\AT command 3.2    #
#                          -Body Sensor\CC2530DB\..\..\..\..\..\Components\st #
#                          ack\sec\" -I "S:\zigbee\Myzigbe\version 3.0 for    #
#                          test\Projects\zstack\AT commands\AT command 3.2    #
#                          -Body Sensor\CC2530DB\..\..\..\..\..\Components\st #
#                          ack\sys\" -I "S:\zigbee\Myzigbe\version 3.0 for    #
#                          test\Projects\zstack\AT commands\AT command 3.2    #
#                          -Body Sensor\CC2530DB\..\..\..\..\..\Components\st #
#                          ack\zdo\" -I "S:\zigbee\Myzigbe\version 3.0 for    #
#                          test\Projects\zstack\AT commands\AT command 3.2    #
#                          -Body Sensor\CC2530DB\..\..\..\..\..\Components\st #
#                          ack\zcl\" -I "S:\zigbee\Myzigbe\version 3.0 for    #
#                          test\Projects\zstack\AT commands\AT command 3.2    #
#                          -Body Sensor\CC2530DB\..\..\..\..\..\Components\zm #
#                          ac\" -I "S:\zigbee\Myzigbe\version 3.0 for         #
#                          test\Projects\zstack\AT commands\AT command 3.2    #
#                          -Body Sensor\CC2530DB\..\..\..\..\..\Components\zm #
#                          ac\f8w\" -Ohz --require_prototypes                 #
#    List file          =  S:\zigbee\Myzigbe\version 3.0 for                  #
#                          test\Projects\zstack\AT commands\AT command 3.2    #
#                          -Body Sensor\CC2530DB\EndDeviceEB\List\AT_ZCL_temp #
#                          erature_data.lst                                   #
#    Object file        =  S:\zigbee\Myzigbe\version 3.0 for                  #
#                          test\Projects\zstack\AT commands\AT command 3.2    #
#                          -Body Sensor\CC2530DB\EndDeviceEB\Obj\AT_ZCL_tempe #
#                          rature_data.r51                                    #
#                                                                             #
#                                                                             #
###############################################################################

S:\zigbee\Myzigbe\version 3.0 for test\Projects\zstack\AT commands\AT command 3.2 -Body Sensor\Source\AT_ZCL_temperature_data.c
      1          /*********************************************************************
      2           * INCLUDES
      3           */
      4          #include "ZComDef.h"
      5          #include "OSAL.h"
      6          #include "AF.h"
      7          #include "ZDConfig.h"
      8          
      9          #include "zcl.h"
     10          #include "zcl_general.h"
     11          #include "zcl_ms.h"
     12          #include "zcl_ha.h"
     13          
     14          #include "AT_ZCL_temperature.h"
     15          
     16          
     17          #define AT_ZCL_TEMP_DEVICE_VERSION     0
     18          #define AT_ZCL_TEMP_FLAGS              0
     19          
     20          /*********************************************************************
     21           * GLOBAL VARIABLES
     22           */
     23          
     24          // Basic Cluster

   \                                 In  segment XDATA_ROM_C, align 1
     25          const uint8 AT_ZCL_TEMP_ManufacturerName[] = { 5, 'E','S','S','E','X' };
   \                     AT_ZCL_TEMP_ManufacturerName:
   \   000000   05           DB 5
   \   000001   45           DB 69
   \   000002   53           DB 83
   \   000003   53           DB 83
   \   000004   45           DB 69
   \   000005   58           DB 88

   \                                 In  segment XDATA_ROM_C, align 1
     26          const uint8 AT_ZCL_TEMP_ModelId[] = { 7, 'D','S','1','8','B','2','0' };
   \                     AT_ZCL_TEMP_ModelId:
   \   000000   07           DB 7
   \   000001   44           DB 68
   \   000002   53           DB 83
   \   000003   31           DB 49
   \   000004   38           DB 56
   \   000005   42           DB 66
   \   000006   32           DB 50
   \   000007   30           DB 48

   \                                 In  segment XDATA_ROM_C, align 1
     27          const uint8 AT_ZCL_TEMP_DateCode[] = { 8, '2','0','1','5','0','7','1','7'};
   \                     AT_ZCL_TEMP_DateCode:
   \   000000   08           DB 8
   \   000001   32           DB 50
   \   000002   30           DB 48
   \   000003   31           DB 49
   \   000004   35           DB 53
   \   000005   30           DB 48
   \   000006   37           DB 55
   \   000007   31           DB 49
   \   000008   37           DB 55

   \                                 In  segment XDATA_ROM_C, align 1
     28          const uint8 AT_ZCL_TEMP_PowerSource = POWER_SOURCE_BATTERY;
   \                     AT_ZCL_TEMP_PowerSource:
   \   000000   03           DB 3

   \                                 In  segment XDATA_I, align 1, keep-with-next
     29          uint8 AT_ZCL_TEMP_LocationDescription[]={ 11, 'I',' ','l','o','v','e',' ','U',' ',':',')' };
   \                     AT_ZCL_TEMP_LocationDescription:
   \   000000                DS 12
   \   00000C                REQUIRE `?<Initializer for AT_ZCL_TEMP_LocationDescript`
   \   00000C                REQUIRE __INIT_XDATA_I

   \                                 In  segment XDATA_ROM_C, align 1
     30          const int16 AT_ZCL_TEMP_min_value = -5500;  //stand for -55 C
   \                     AT_ZCL_TEMP_min_value:
   \   000000   84EA         DW -5500

   \                                 In  segment XDATA_ROM_C, align 1
     31          const int16 AT_ZCL_TEMP_max_value = 12500;  //stand for 125 C
   \                     AT_ZCL_TEMP_max_value:
   \   000000   D430         DW 12500

   \                                 In  segment XDATA_I, align 1, keep-with-next
     32          uint8 AT_ZCL_TEMP_DeviceEnable = DEVICE_ENABLED;
   \                     AT_ZCL_TEMP_DeviceEnable:
   \   000000                DS 1
   \   000001                REQUIRE `?<Initializer for AT_ZCL_TEMP_DeviceEnable>`
   \   000001                REQUIRE __INIT_XDATA_I
     33          
     34          // Device Temperature Configuration Cluster
     35          //0x8000 indicates that the temperature measurement is invalid.

   \                                 In  segment XDATA_I, align 1, keep-with-next
     36          int16 AT_ZCL_TEMP_current=0x8000;
   \                     AT_ZCL_TEMP_current:
   \   000000                DS 2
   \   000002                REQUIRE `?<Initializer for AT_ZCL_TEMP_current>`
   \   000002                REQUIRE __INIT_XDATA_I
     37          
     38          // Identify Cluster

   \                                 In  segment XDATA_Z, align 1, keep-with-next
     39          uint16 AT_ZCL_TEMP_IdentifyTime = 0;
   \                     AT_ZCL_TEMP_IdentifyTime:
   \   000000                DS 2
   \   000002                REQUIRE __INIT_XDATA_Z
     40          
     41          
     42          // On/Off Cluster

   \                                 In  segment XDATA_Z, align 1, keep-with-next
     43          uint8  AT_ZCL_TEMP_OnOff = TEMP_OFF;
   \                     AT_ZCL_TEMP_OnOff:
   \   000000                DS 1
   \   000001                REQUIRE __INIT_XDATA_Z
     44          
     45          /*********************************************************************
     46           * ATTRIBUTE DEFINITIONS - Uses REAL cluster IDs
     47           */

   \                                 In  segment CODE_C, align 1
     48          CONST zclAttrRec_t AT_ZCL_TEMP_Attrs[AT_ZCL_TEMP_MAX_ATTRIBUTES] =
   \                     AT_ZCL_TEMP_Attrs:
   \   000000   0000         DW 0
   \   000002   0400         DW 4
   \   000004   42           DB 66
   \   000005   01           DB 1
   \   000006   ....         DW AT_ZCL_TEMP_ManufacturerName
   \   000008   0000         DW 0
   \   00000A   0500         DW 5
   \   00000C   42           DB 66
   \   00000D   01           DB 1
   \   00000E   ....         DW AT_ZCL_TEMP_ModelId
   \   000010   0000         DW 0
   \   000012   0600         DW 6
   \   000014   42           DB 66
   \   000015   01           DB 1
   \   000016   ....         DW AT_ZCL_TEMP_DateCode
   \   000018   0000         DW 0
   \   00001A   0700         DW 7
   \   00001C   20           DB 32
   \   00001D   01           DB 1
   \   00001E   ....         DW AT_ZCL_TEMP_PowerSource
   \   000020   0000         DW 0
   \   000022   1000         DW 16
   \   000024   42           DB 66
   \   000025   03           DB 3
   \   000026   ....         DW AT_ZCL_TEMP_LocationDescription
   \   000028   0000         DW 0
   \   00002A   1200         DW 18
   \   00002C   10           DB 16
   \   00002D   03           DB 3
   \   00002E   ....         DW AT_ZCL_TEMP_DeviceEnable
   \   000030   0200         DW 2
   \   000032   0000         DW 0
   \   000034   09           DB 9
   \   000035   01           DB 1
   \   000036   ....         DW AT_ZCL_TEMP_current
   \   000038   0300         DW 3
   \   00003A   0000         DW 0
   \   00003C   21           DB 33
   \   00003D   03           DB 3
   \   00003E   ....         DW AT_ZCL_TEMP_IdentifyTime
   \   000040   0600         DW 6
   \   000042   0000         DW 0
   \   000044   20           DB 32
   \   000045   01           DB 1
   \   000046   ....         DW AT_ZCL_TEMP_OnOff
   \   000048   0204         DW 1026
   \   00004A   0000         DW 0
   \   00004C   29           DB 41
   \   00004D   01           DB 1
   \   00004E   ....         DW AT_ZCL_TEMP_current
   \   000050   0204         DW 1026
   \   000052   0100         DW 1
   \   000054   29           DB 41
   \   000055   01           DB 1
   \   000056   ....         DW AT_ZCL_TEMP_min_value
   \   000058   0204         DW 1026
   \   00005A   0200         DW 2
   \   00005C   29           DB 41
   \   00005D   01           DB 1
   \   00005E   ....         DW AT_ZCL_TEMP_max_value
     49          {
     50            // *** General Basic Cluster Attributes ***
     51            {
     52              ZCL_CLUSTER_ID_GEN_BASIC,             // Cluster IDs - defined in the foundation (ie. zcl.h)
     53              {  // Attribute record
     54                ATTRID_BASIC_MANUFACTURER_NAME,            // Attribute ID - Found in Cluster Library header (ie. zcl_general.h)
     55                ZCL_DATATYPE_CHAR_STR,                 // Data Type - found in zcl.h
     56                ACCESS_CONTROL_READ,                // Variable access control - found in zcl.h
     57                (void *)AT_ZCL_TEMP_ManufacturerName  // Pointer to attribute variable
     58              }
     59            },
     60            {
     61              ZCL_CLUSTER_ID_GEN_BASIC,
     62              { // Attribute record
     63                ATTRID_BASIC_MODEL_ID,
     64                ZCL_DATATYPE_CHAR_STR,
     65                ACCESS_CONTROL_READ,
     66                (void *)AT_ZCL_TEMP_ModelId
     67              }
     68            },
     69            {
     70              ZCL_CLUSTER_ID_GEN_BASIC,
     71              { // Attribute record
     72                ATTRID_BASIC_DATE_CODE,
     73                ZCL_DATATYPE_CHAR_STR,
     74                ACCESS_CONTROL_READ,
     75                (void *)AT_ZCL_TEMP_DateCode
     76              }
     77            },
     78            {
     79              ZCL_CLUSTER_ID_GEN_BASIC,
     80              { // Attribute record
     81                ATTRID_BASIC_POWER_SOURCE,
     82                ZCL_DATATYPE_UINT8,
     83                ACCESS_CONTROL_READ,
     84                (void *)&AT_ZCL_TEMP_PowerSource
     85              }
     86            },
     87            {
     88              ZCL_CLUSTER_ID_GEN_BASIC,
     89              { // Attribute record
     90                ATTRID_BASIC_LOCATION_DESC,
     91                ZCL_DATATYPE_CHAR_STR,
     92                (ACCESS_CONTROL_READ | ACCESS_CONTROL_WRITE),
     93                (void *)AT_ZCL_TEMP_LocationDescription
     94              }
     95            },
     96            {
     97              ZCL_CLUSTER_ID_GEN_BASIC,
     98              { // Attribute record
     99                ATTRID_BASIC_DEVICE_ENABLED,
    100                ZCL_DATATYPE_BOOLEAN,
    101                (ACCESS_CONTROL_READ | ACCESS_CONTROL_WRITE),
    102                (void *)&AT_ZCL_TEMP_DeviceEnable
    103              }
    104            },
    105            
    106             // *** Device Temperature Configuration Cluster ***
    107            {
    108              ZCL_CLUSTER_ID_GEN_DEVICE_TEMP_CONFIG,
    109              { // Attribute record
    110                ATTRID_DEV_TEMP_CURRENT,
    111                ZCL_DATATYPE_DATA16,
    112                ACCESS_CONTROL_READ,
    113                (void *)&AT_ZCL_TEMP_current
    114              }
    115            },
    116          
    117            // *** Identify Cluster Attribute ***
    118            {
    119              ZCL_CLUSTER_ID_GEN_IDENTIFY,
    120              { // Attribute record
    121                ATTRID_IDENTIFY_TIME,
    122                ZCL_DATATYPE_UINT16,
    123                (ACCESS_CONTROL_READ | ACCESS_CONTROL_WRITE),
    124                (void *)&AT_ZCL_TEMP_IdentifyTime
    125              }
    126            },
    127            
    128            // *** On/Off Cluster Attributes ***
    129            {
    130              ZCL_CLUSTER_ID_GEN_ON_OFF,
    131              { // Attribute record
    132                ATTRID_ON_OFF,
    133                ZCL_DATATYPE_UINT8,
    134                ACCESS_CONTROL_READ,
    135                (void *)&AT_ZCL_TEMP_OnOff
    136              }
    137            }, 
    138            
    139            // *** Temperature Measurement Cluster Attributes ***
    140            {
    141              ZCL_CLUSTER_ID_MS_TEMPERATURE_MEASUREMENT,
    142              { // Attribute record
    143                ATTRID_MS_TEMPERATURE_MEASURED_VALUE,
    144                ZCL_DATATYPE_INT16,
    145                ACCESS_CONTROL_READ,
    146                (void *)&AT_ZCL_TEMP_current
    147              }
    148            },
    149            
    150            {
    151              ZCL_CLUSTER_ID_MS_TEMPERATURE_MEASUREMENT,
    152              { // Attribute record
    153                ATTRID_MS_TEMPERATURE_MIN_MEASURED_VALUE,
    154                ZCL_DATATYPE_INT16,
    155                ACCESS_CONTROL_READ,
    156                (void *)&AT_ZCL_TEMP_min_value
    157              }
    158            },
    159            
    160            {
    161              ZCL_CLUSTER_ID_MS_TEMPERATURE_MEASUREMENT,
    162              { // Attribute record
    163                ATTRID_MS_TEMPERATURE_MAX_MEASURED_VALUE,
    164                ZCL_DATATYPE_INT16,
    165                ACCESS_CONTROL_READ,
    166                (void *)&AT_ZCL_TEMP_max_value
    167              }
    168            },
    169          };
    170          
    171          
    172          
    173          /*********************************************************************
    174           * SIMPLE DESCRIPTOR
    175           */
    176          
    177          #define AT_ZCL_TEMP_MAX_INCLUSTERS       5

   \                                 In  segment XDATA_ROM_C, align 1
    178          const cId_t AT_ZCL_TEMP_InClusterList[AT_ZCL_TEMP_MAX_INCLUSTERS] =
   \                     AT_ZCL_TEMP_InClusterList:
   \   000000   0000         DW 0
   \   000002   0300         DW 3
   \   000004   0200         DW 2
   \   000006   0600         DW 6
   \   000008   0204         DW 1026
    179          {
    180            ZCL_CLUSTER_ID_GEN_BASIC,
    181            ZCL_CLUSTER_ID_GEN_IDENTIFY,
    182            ZCL_CLUSTER_ID_GEN_DEVICE_TEMP_CONFIG,
    183            ZCL_CLUSTER_ID_GEN_ON_OFF,
    184            ZCL_CLUSTER_ID_MS_TEMPERATURE_MEASUREMENT
    185          };
    186          /*
    187          #define AT_ZCL_TEMP_MAX_OUTCLUSTERS       5
    188          const cId_t AT_ZCL_TEMP_OutClusterList[AT_ZCL_TEMP_MAX_OUTCLUSTERS] =
    189          {
    190          };*/
    191          

   \                                 In  segment XDATA_I, align 1, keep-with-next
    192          SimpleDescriptionFormat_t AT_ZCL_TEMP_SimpleDesc =
   \                     AT_ZCL_TEMP_SimpleDesc:
   \   000000                DS 12
   \   00000C                REQUIRE `?<Initializer for AT_ZCL_TEMP_SimpleDesc>`
   \   00000C                REQUIRE __INIT_XDATA_I

   \                                 In  segment XDATA_ID, align 1, keep-with-next
   \                     `?<Initializer for AT_ZCL_TEMP_LocationDescript`:
   \   000000   0B           DB 11
   \   000001   49           DB 73
   \   000002   20           DB 32
   \   000003   6C           DB 108
   \   000004   6F           DB 111
   \   000005   76           DB 118
   \   000006   65           DB 101
   \   000007   20           DB 32
   \   000008   55           DB 85
   \   000009   20           DB 32
   \   00000A   3A           DB 58
   \   00000B   29           DB 41

   \                                 In  segment XDATA_ID, align 1, keep-with-next
   \                     `?<Initializer for AT_ZCL_TEMP_DeviceEnable>`:
   \   000000   01           DB 1

   \                                 In  segment XDATA_ID, align 1, keep-with-next
   \                     `?<Initializer for AT_ZCL_TEMP_current>`:
   \   000000   0080         DW -32768

   \                                 In  segment XDATA_ID, align 1, keep-with-next
   \                     `?<Initializer for AT_ZCL_TEMP_SimpleDesc>`:
   \   000000   04           DB 4
   \   000001   0401         DW 260
   \   000003   FF00         DW 255
   \   000005   00           DB 0
   \   000006   05           DB 5
   \   000007   ....         DW AT_ZCL_TEMP_InClusterList
   \   000009   00           DB 0
   \   00000A   0000         DW 0H
    193          {
    194            AT_ZCL_TEMP_ENDPOINT,                  //  int Endpoint;
    195            ZCL_HA_PROFILE_ID,                     //  uint16 AppProfId[2];
    196            ZCL_HA_DEVICEID_TEST_DEVICE,           //  uint16 AppDeviceId[2];
    197            AT_ZCL_TEMP_DEVICE_VERSION,            //  int   AppDevVer:4;
    198            AT_ZCL_TEMP_FLAGS,                     //  int   AppFlags:4;
    199            AT_ZCL_TEMP_MAX_INCLUSTERS,            //  byte  AppNumInClusters;
    200            (cId_t *)AT_ZCL_TEMP_InClusterList,    //  byte *pAppInClusterList;
    201            0,                                      //  byte  AppNumInClusters;
    202            (cId_t *)NULL                           //  byte *pAppInClusterList;
    203          };


   Segment part sizes:

     Function/Label                                 Bytes
     --------------                                 -----
     AT_ZCL_TEMP_ManufacturerName                      6
     AT_ZCL_TEMP_ModelId                               8
     AT_ZCL_TEMP_DateCode                              9
     AT_ZCL_TEMP_PowerSource                           1
     AT_ZCL_TEMP_LocationDescription
                                                      12
     AT_ZCL_TEMP_min_value                             2
     AT_ZCL_TEMP_max_value                             2
     AT_ZCL_TEMP_DeviceEnable                          1
     AT_ZCL_TEMP_current                               2
     AT_ZCL_TEMP_IdentifyTime                          2
     AT_ZCL_TEMP_OnOff                                 1
     AT_ZCL_TEMP_Attrs                                96
     AT_ZCL_TEMP_InClusterList                        10
     AT_ZCL_TEMP_SimpleDesc                           12
     ?<Initializer for AT_ZCL_TEMP_LocationDescript   12
     ?<Initializer for AT_ZCL_TEMP_DeviceEnable>       1
     ?<Initializer for AT_ZCL_TEMP_current>            2
     ?<Initializer for AT_ZCL_TEMP_SimpleDesc>        12

 
 96 bytes in segment CODE_C
 27 bytes in segment XDATA_I
 27 bytes in segment XDATA_ID
 38 bytes in segment XDATA_ROM_C
  3 bytes in segment XDATA_Z
 
 123 bytes of CODE  memory
  38 bytes of CONST memory
  30 bytes of XDATA memory

Errors: none
Warnings: none
