###############################################################################
#                                                                             #
# IAR C/C++ Compiler V8.10.3.10338/W32 for 8051         26/Aug/2015  19:21:12 #
# Copyright 2004-2011 IAR Systems AB.                                         #
#                                                                             #
#    Core               =  plain                                              #
#    Code model         =  banked                                             #
#    Data model         =  large                                              #
#    Calling convention =  xdata reentrant                                    #
#    Constant location  =  data_rom                                           #
#    Dptr setup         =  1,16                                               #
#    Source file        =  S:\zigbee\Myzigbe\version 3.0 for                  #
#                          test\Components\stack\zcl\zcl_cert_data.c          #
#    Command line       =  -f "S:\zigbee\Myzigbe\version 3.0 for              #
#                          test\Projects\zstack\AT commands\AT command 3.2    #
#                          -Body Sensor\CC2530DB\..\..\..\Tools\CC2530DB\f8wE #
#                          ndev.cfg" (-DCPU32MHZ -DROOT=__near_func           #
#                          -DMAC_CFG_TX_DATA_MAX=3 -DMAC_CFG_TX_MAX=6         #
#                          -DMAC_CFG_RX_MAX=3) -f "S:\zigbee\Myzigbe\version  #
#                          3.0 for test\Projects\zstack\AT commands\AT        #
#                          command 3.2 -Body Sensor\CC2530DB\..\..\..\Tools\C #
#                          C2530DB\f8wConfig.cfg" (-DZIGBEEPRO -DSECURE=0     #
#                          -DZG_SECURE_DYNAMIC=0 -DREFLECTOR                  #
#                          -DDEFAULT_CHANLIST=0x00000800                      #
#                          -DZDAPP_CONFIG_PAN_ID=0xFFFF                       #
#                          -DNWK_START_DELAY=100 -DEXTENDED_JOINING_RANDOM_MA #
#                          SK=0x007F -DBEACON_REQUEST_DELAY=100               #
#                          -DBEACON_REQ_DELAY_MASK=0x00FF                     #
#                          -DLINK_STATUS_JITTER_MASK=0x007F                   #
#                          -DROUTE_EXPIRY_TIME=30 -DAPSC_ACK_WAIT_DURATION_PO #
#                          LLED=3000 -DNWK_INDIRECT_MSG_TIMEOUT=7             #
#                          -DMAX_RREQ_ENTRIES=8 -DAPSC_MAX_FRAME_RETRIES=3    #
#                          -DNWK_MAX_DATA_RETRIES=2                           #
#                          -DMAX_POLL_FAILURE_RETRIES=2 -DMAX_BCAST=9         #
#                          -DAPS_MAX_GROUPS=16 -DMAX_RTG_ENTRIES=40           #
#                          -DNWK_MAX_BINDING_ENTRIES=4                        #
#                          -DMAX_BINDING_CLUSTER_IDS=4 "-DDEFAULT_KEY={0x01,  #
#                          0x03, 0x05, 0x07, 0x09, 0x0B, 0x0D, 0x0F, 0x00,    #
#                          0x02, 0x04, 0x06, 0x08, 0x0A, 0x0C, 0x0D}"         #
#                          -DMAC_MAX_FRAME_SIZE=116                           #
#                          -DZDNWKMGR_MIN_TRANSMISSIONS=20 "-DCONST=const     #
#                          __code" -DGENERIC=__generic                        #
#                          -DRFD_RCVC_ALWAYS_ON=FALSE -DPOLL_RATE=1000        #
#                          -DQUEUED_POLL_RATE=100 -DRESPONSE_POLL_RATE=100)   #
#                          -DREJOIN_POLL_RATE=440 "S:\zigbee\Myzigbe\version  #
#                          3.0 for test\Components\stack\zcl\zcl_cert_data.c" #
#                           -D ZIGBEEPRO -D NWK_AUTO_POLL -D HAL_UART=TRUE    #
#                          -D HOLD_AUTO_START -D NV_RESTORE -D REFLECTOR -D   #
#                          HAL_UART_ISR=1 -D HAL_UART_DMA=0 -D                #
#                          xHAL_UART_ISR_TX_MAX=200 -D xPOWER_SAVING -D       #
#                          ZCL_READ -D ZCL_WRITE -D ZCL_IDENTIFY -D           #
#                          ZCL_ON_OFF -D ZCL_DISCOVER -D xZTOOL_P1 -D         #
#                          xMT_TASK -D xMT_SYS_FUNC -D xMT_ZDO_FUNC -D        #
#                          xLCD_SUPPORTED=DEBUG -D xMT_UART_DEFAULT_OVERFLOW= #
#                          FALSE -lC "S:\zigbee\Myzigbe\version 3.0 for       #
#                          test\Projects\zstack\AT commands\AT command 3.2    #
#                          -Body Sensor\CC2530DB\EndDeviceEB\List\" -lA       #
#                          "S:\zigbee\Myzigbe\version 3.0 for                 #
#                          test\Projects\zstack\AT commands\AT command 3.2    #
#                          -Body Sensor\CC2530DB\EndDeviceEB\List\"           #
#                          --diag_suppress Pe001,Pa010 -o                     #
#                          "S:\zigbee\Myzigbe\version 3.0 for                 #
#                          test\Projects\zstack\AT commands\AT command 3.2    #
#                          -Body Sensor\CC2530DB\EndDeviceEB\Obj\" -e         #
#                          --no_code_motion --debug --core=plain --dptr=16,1  #
#                          --data_model=large --code_model=banked             #
#                          --calling_convention=xdata_reentrant               #
#                          --place_constants=data_rom --nr_virtual_regs 16    #
#                          -I "S:\zigbee\Myzigbe\version 3.0 for              #
#                          test\Projects\zstack\AT commands\AT command 3.2    #
#                          -Body Sensor\CC2530DB\" -I                         #
#                          "S:\zigbee\Myzigbe\version 3.0 for                 #
#                          test\Projects\zstack\AT commands\AT command 3.2    #
#                          -Body Sensor\CC2530DB\..\Source\" -I               #
#                          "S:\zigbee\Myzigbe\version 3.0 for                 #
#                          test\Projects\zstack\AT commands\AT command 3.2    #
#                          -Body Sensor\CC2530DB\..\Source\hal\" -I           #
#                          "S:\zigbee\Myzigbe\version 3.0 for                 #
#                          test\Projects\zstack\AT commands\AT command 3.2    #
#                          -Body Sensor\CC2530DB\..\Source\Modified\" -I      #
#                          "S:\zigbee\Myzigbe\version 3.0 for                 #
#                          test\Projects\zstack\AT commands\AT command 3.2    #
#                          -Body Sensor\CC2530DB\..\..\..\ZMain\TI2530DB\"    #
#                          -I "S:\zigbee\Myzigbe\version 3.0 for              #
#                          test\Projects\zstack\AT commands\AT command 3.2    #
#                          -Body Sensor\CC2530DB\..\..\..\..\..\Components\ha #
#                          l\include\" -I "S:\zigbee\Myzigbe\version 3.0 for  #
#                          test\Projects\zstack\AT commands\AT command 3.2    #
#                          -Body Sensor\CC2530DB\..\..\..\..\..\Components\ha #
#                          l\target\CC2530EB\" -I "S:\zigbee\Myzigbe\version  #
#                          3.0 for test\Projects\zstack\AT commands\AT        #
#                          command 3.2 -Body Sensor\CC2530DB\..\..\..\..\..\C #
#                          omponents\mac\include\" -I                         #
#                          "S:\zigbee\Myzigbe\version 3.0 for                 #
#                          test\Projects\zstack\AT commands\AT command 3.2    #
#                          -Body Sensor\CC2530DB\..\..\..\..\..\Components\ma #
#                          c\high_level\" -I "S:\zigbee\Myzigbe\version 3.0   #
#                          for test\Projects\zstack\AT commands\AT command    #
#                          3.2 -Body Sensor\CC2530DB\..\..\..\..\..\Component #
#                          s\mac\low_level\srf04\" -I                         #
#                          "S:\zigbee\Myzigbe\version 3.0 for                 #
#                          test\Projects\zstack\AT commands\AT command 3.2    #
#                          -Body Sensor\CC2530DB\..\..\..\..\..\Components\ma #
#                          c\low_level\srf04\single_chip\" -I                 #
#                          "S:\zigbee\Myzigbe\version 3.0 for                 #
#                          test\Projects\zstack\AT commands\AT command 3.2    #
#                          -Body Sensor\CC2530DB\..\..\..\..\..\Components\mt #
#                          \" -I "S:\zigbee\Myzigbe\version 3.0 for           #
#                          test\Projects\zstack\AT commands\AT command 3.2    #
#                          -Body Sensor\CC2530DB\..\..\..\..\..\Components\os #
#                          al\include\" -I "S:\zigbee\Myzigbe\version 3.0     #
#                          for test\Projects\zstack\AT commands\AT command    #
#                          3.2 -Body Sensor\CC2530DB\..\..\..\..\..\Component #
#                          s\services\saddr\" -I "S:\zigbee\Myzigbe\version   #
#                          3.0 for test\Projects\zstack\AT commands\AT        #
#                          command 3.2 -Body Sensor\CC2530DB\..\..\..\..\..\C #
#                          omponents\services\sdata\" -I                      #
#                          "S:\zigbee\Myzigbe\version 3.0 for                 #
#                          test\Projects\zstack\AT commands\AT command 3.2    #
#                          -Body Sensor\CC2530DB\..\..\..\..\..\Components\st #
#                          ack\af\" -I "S:\zigbee\Myzigbe\version 3.0 for     #
#                          test\Projects\zstack\AT commands\AT command 3.2    #
#                          -Body Sensor\CC2530DB\..\..\..\..\..\Components\st #
#                          ack\nwk\" -I "S:\zigbee\Myzigbe\version 3.0 for    #
#                          test\Projects\zstack\AT commands\AT command 3.2    #
#                          -Body Sensor\CC2530DB\..\..\..\..\..\Components\st #
#                          ack\sapi\" -I "S:\zigbee\Myzigbe\version 3.0 for   #
#                          test\Projects\zstack\AT commands\AT command 3.2    #
#                          -Body Sensor\CC2530DB\..\..\..\..\..\Components\st #
#                          ack\sec\" -I "S:\zigbee\Myzigbe\version 3.0 for    #
#                          test\Projects\zstack\AT commands\AT command 3.2    #
#                          -Body Sensor\CC2530DB\..\..\..\..\..\Components\st #
#                          ack\sys\" -I "S:\zigbee\Myzigbe\version 3.0 for    #
#                          test\Projects\zstack\AT commands\AT command 3.2    #
#                          -Body Sensor\CC2530DB\..\..\..\..\..\Components\st #
#                          ack\zdo\" -I "S:\zigbee\Myzigbe\version 3.0 for    #
#                          test\Projects\zstack\AT commands\AT command 3.2    #
#                          -Body Sensor\CC2530DB\..\..\..\..\..\Components\st #
#                          ack\zcl\" -I "S:\zigbee\Myzigbe\version 3.0 for    #
#                          test\Projects\zstack\AT commands\AT command 3.2    #
#                          -Body Sensor\CC2530DB\..\..\..\..\..\Components\zm #
#                          ac\" -I "S:\zigbee\Myzigbe\version 3.0 for         #
#                          test\Projects\zstack\AT commands\AT command 3.2    #
#                          -Body Sensor\CC2530DB\..\..\..\..\..\Components\zm #
#                          ac\f8w\" -Ohz --require_prototypes                 #
#    List file          =  S:\zigbee\Myzigbe\version 3.0 for                  #
#                          test\Projects\zstack\AT commands\AT command 3.2    #
#                          -Body Sensor\CC2530DB\EndDeviceEB\List\zcl_cert_da #
#                          ta.lst                                             #
#    Object file        =  S:\zigbee\Myzigbe\version 3.0 for                  #
#                          test\Projects\zstack\AT commands\AT command 3.2    #
#                          -Body Sensor\CC2530DB\EndDeviceEB\Obj\zcl_cert_dat #
#                          a.r51                                              #
#                                                                             #
#                                                                             #
###############################################################################

S:\zigbee\Myzigbe\version 3.0 for test\Components\stack\zcl\zcl_cert_data.c
      1          /**************************************************************************************************
      2            Filename:       zcl_cert_data.c
      3            Revised:        $Date: 2012-04-02 17:02:19 -0700 (Mon, 02 Apr 2012) $
      4            Revision:       $Revision: 29996 $
      5          
      6            Description:    This file defines actual data for use as in test & debug when
      7                            instantiating the Certicom Certificate Data for ECC SECURITY.
      8          
      9          
     10            Copyright 2010-2011 Texas Instruments Incorporated. All rights reserved.
     11          
     12            IMPORTANT: Your use of this Software is limited to those specific rights
     13            granted under the terms of a software license agreement between the user
     14            who downloaded the software, his/her employer (which must be your employer)
     15            and Texas Instruments Incorporated (the "License").  You may not use this
     16            Software unless you agree to abide by the terms of the License. The License
     17            limits your use, and you acknowledge, that the Software may not be modified,
     18            copied or distributed unless embedded on a Texas Instruments microcontroller
     19            or used solely and exclusively in conjunction with a Texas Instruments radio
     20            frequency transceiver, which is integrated into your product.  Other than for
     21            the foregoing purpose, you may not use, reproduce, copy, prepare derivative
     22            works of, modify, distribute, perform, display or sell this Software and/or
     23            its documentation for any purpose.
     24          
     25            YOU FURTHER ACKNOWLEDGE AND AGREE THAT THE SOFTWARE AND DOCUMENTATION ARE
     26            PROVIDED “AS IS” WITHOUT WARRANTY OF ANY KIND, EITHER EXPRESS OR IMPLIED,
     27            INCLUDING WITHOUT LIMITATION, ANY WARRANTY OF MERCHANTABILITY, TITLE,
     28            NON-INFRINGEMENT AND FITNESS FOR A PARTICULAR PURPOSE. IN NO EVENT SHALL
     29            TEXAS INSTRUMENTS OR ITS LICENSORS BE LIABLE OR OBLIGATED UNDER CONTRACT,
     30            NEGLIGENCE, STRICT LIABILITY, CONTRIBUTION, BREACH OF WARRANTY, OR OTHER
     31            LEGAL EQUITABLE THEORY ANY DIRECT OR INDIRECT DAMAGES OR EXPENSES
     32            INCLUDING BUT NOT LIMITED TO ANY INCIDENTAL, SPECIAL, INDIRECT, PUNITIVE
     33            OR CONSEQUENTIAL DAMAGES, LOST PROFITS OR LOST DATA, COST OF PROCUREMENT
     34            OF SUBSTITUTE GOODS, TECHNOLOGY, SERVICES, OR ANY CLAIMS BY THIRD PARTIES
     35            (INCLUDING BUT NOT LIMITED TO ANY DEFENSE THEREOF), OR OTHER SIMILAR COSTS.
     36          
     37            Should you have any questions regarding your right to use this Software,
     38            contact Texas Instruments Incorporated at www.TI.com.
     39          
     40          **************************************************************************************************/
     41          
     42          /* ------------------------------------------------------------------------------------------------
     43           *                                          Includes
     44           * ------------------------------------------------------------------------------------------------
     45           */
     46          
     47          #include "ZComDef.h"
     48          
     49          #if defined TEST_CERT_DATA
     50          /* ------------------------------------------------------------------------------------------------
     51           *                                           Constants
     52           * ------------------------------------------------------------------------------------------------
     53           */
     54          
     55          // The unique Extended Address is mangled into the following 3 certificates using
     56          // the certificate generation tool from Certicom.
     57          #if ZG_BUILD_COORDINATOR_TYPE
     58          #pragma location="IEEE_ADDRESS_SPACE"
     59          const uint8 certExtendedAddress[Z_EXTADDR_LEN] = {
     60            0x01, 0x00, 0x00, 0x00, 0x00, 0x4b, 0x12, 0x00
     61          };
     62          #pragma required=certExtendedAddress
     63          #pragma location="IMPLICIT_CERTIFICATE_ADDRESS_SPACE"
     64          const uint8 ImplicitCertificate[ZCL_KE_IMPLICIT_CERTIFICATE_LEN] = {
     65            0x03, 0x07, 0x8c, 0x45, 0xde, 0xa5, 0x06, 0xd0,
     66            0x7f, 0x1b, 0x82, 0x21, 0x22, 0xb5, 0xa3, 0x1e,
     67            0xb0, 0xa0, 0xd6, 0x29, 0x55, 0xdb, 0x00, 0x12,
     68            0x4b, 0x00, 0x00, 0x00, 0x00, 0x01, 0x54, 0x45,
     69            0x53, 0x54, 0x53, 0x45, 0x43, 0x41, 0x01, 0x09,
     70            0x00, 0x08, 0x00, 0x00, 0x00, 0x00, 0x00, 0x00
     71          };
     72          #pragma required=ImplicitCertificate
     73          #pragma location="CA_PUBLIC_KEY_ADDRESS_SPACE"
     74          const uint8 CA_Public_Key[ZCL_KE_CA_PUBLIC_KEY_LEN] = {
     75            0x02, 0x00, 0xfd, 0xe8, 0xa7, 0xf3, 0xd1, 0x08,
     76            0x42, 0x24, 0x96, 0x2a, 0x4e, 0x7c, 0x54, 0xe6,
     77            0x9a, 0xc3, 0xf0, 0x4d, 0xa6, 0xb8
     78          };
     79          #pragma required=CA_Public_Key
     80          #pragma location="DEV_PRIVATE_KEY_ADDRESS_SPACE"
     81          const uint8 DevicePrivateKey[ZCL_KE_DEVICE_PRIVATE_KEY_LEN] = {
     82            0x02, 0x28, 0x4a, 0x56, 0x3f, 0x02, 0xf2, 0xc8,
     83            0xbd, 0xa7, 0x57, 0xf9, 0x61, 0xbb, 0x8c, 0xb4,
     84            0xfb, 0x6e, 0x90, 0xed, 0x42
     85          };
     86          #pragma required=DevicePrivateKey
     87          #elif ZG_BUILD_RTR_TYPE
     88          #pragma location="IEEE_ADDRESS_SPACE"
     89          const uint8 certExtendedAddress[Z_EXTADDR_LEN] = {
     90            0x02, 0x00, 0x00, 0x00, 0x00, 0x4b, 0x12, 0x00
     91          };
     92          #pragma required=certExtendedAddress
     93          #pragma location="IMPLICIT_CERTIFICATE_ADDRESS_SPACE"
     94          const uint8 ImplicitCertificate[ZCL_KE_IMPLICIT_CERTIFICATE_LEN] = {
     95            0x03, 0x06, 0x9b, 0xc9, 0x8f, 0x75, 0x1f, 0xba,
     96            0x22, 0xdb, 0xca, 0xd6, 0x4a, 0x7d, 0x46, 0x2c,
     97            0x20, 0x9c, 0x2e, 0xd9, 0x01, 0x5f, 0x00, 0x12,
     98            0x4b, 0x00, 0x00, 0x00, 0x00, 0x02, 0x54, 0x45,
     99            0x53, 0x54, 0x53, 0x45, 0x43, 0x41, 0x01, 0x09,
    100            0x00, 0x08, 0x00, 0x00, 0x00, 0x00, 0x00, 0x00
    101          };
    102          #pragma required=ImplicitCertificate
    103          #pragma location="CA_PUBLIC_KEY_ADDRESS_SPACE"
    104          const uint8 CA_Public_Key[ZCL_KE_CA_PUBLIC_KEY_LEN] = {
    105            0x02, 0x00, 0xfd, 0xe8, 0xa7, 0xf3, 0xd1, 0x08,
    106            0x42, 0x24, 0x96, 0x2a, 0x4e, 0x7c, 0x54, 0xe6,
    107            0x9a, 0xc3, 0xf0, 0x4d, 0xa6, 0xb8
    108          };
    109          #pragma required=CA_Public_Key
    110          #pragma location="DEV_PRIVATE_KEY_ADDRESS_SPACE"
    111          const uint8 DevicePrivateKey[ZCL_KE_DEVICE_PRIVATE_KEY_LEN] = {
    112            0x03, 0x7a, 0xd5, 0x45, 0xab, 0xa5, 0xf7, 0x47,
    113            0xe4, 0x0a, 0x24, 0xea, 0x85, 0x50, 0x4c, 0x47,
    114            0x39, 0x8c, 0x97, 0xf4, 0x96
    115          };
    116          #pragma required=DevicePrivateKey
    117          #else  // if ZG_BUILD_ENDDEVICE_TYPE
    118          #pragma location="IEEE_ADDRESS_SPACE"
    119          const uint8 certExtendedAddress[Z_EXTADDR_LEN] = {
    120            0x03, 0x00, 0x00, 0x00, 0x00, 0x4b, 0x12, 0x00
    121          };
    122          #pragma required=certExtendedAddress
    123          #pragma location="IMPLICIT_CERTIFICATE_ADDRESS_SPACE"
    124          const uint8 ImplicitCertificate[ZCL_KE_IMPLICIT_CERTIFICATE_LEN] = {
    125            0x02, 0x04, 0xac, 0x2c, 0x26, 0x56, 0xf1, 0xee,
    126            0xa4, 0xff, 0x5d, 0xac, 0x4e, 0xdd, 0xa1, 0x76,
    127            0xbf, 0xe4, 0xfa, 0x70, 0xd9, 0x56, 0x00, 0x12,
    128            0x4b, 0x00, 0x00, 0x00, 0x00, 0x03, 0x54, 0x45,
    129            0x53, 0x54, 0x53, 0x45, 0x43, 0x41, 0x01, 0x09,
    130            0x00, 0x01, 0x00, 0x00, 0x01, 0x09, 0x10, 0x03
    131          };
    132          #pragma required=ImplicitCertificate
    133          #pragma location="CA_PUBLIC_KEY_ADDRESS_SPACE"
    134          const uint8 CA_Public_Key[ZCL_KE_CA_PUBLIC_KEY_LEN] = {
    135            0x02, 0x00, 0xfd, 0xe8, 0xa7, 0xf3, 0xd1, 0x08,
    136            0x42, 0x24, 0x96, 0x2a, 0x4e, 0x7c, 0x54, 0xe6,
    137            0x9a, 0xc3, 0xf0, 0x4d, 0xa6, 0xb8
    138          };
    139          #pragma required=CA_Public_Key
    140          #pragma location="DEV_PRIVATE_KEY_ADDRESS_SPACE"
    141          const uint8 DevicePrivateKey[ZCL_KE_DEVICE_PRIVATE_KEY_LEN] = {
    142            0x03, 0x4b, 0xc3, 0x7a, 0x72, 0x10, 0xb7, 0x40,
    143            0x7a, 0x51, 0xdc, 0x11, 0xe5, 0xae, 0xba, 0xf2,
    144            0xe1, 0x50, 0x3f, 0x69, 0x55
    145          };
    146          #pragma required=DevicePrivateKey
    147          #endif
    148          #endif
    149          
    150          /**************************************************************************************************
    151          */


 
 
 0 bytes of memory

Errors: none
Warnings: none
