###############################################################################
#                                                                             #
# IAR C/C++ Compiler V8.10.3.10338/W32 for 8051         18/Apr/2015  08:13:37 #
# Copyright 2004-2011 IAR Systems AB.                                         #
#                                                                             #
#    Core               =  plain                                              #
#    Code model         =  banked                                             #
#    Data model         =  large                                              #
#    Calling convention =  xdata reentrant                                    #
#    Constant location  =  data_rom                                           #
#    Dptr setup         =  1,16                                               #
#    Source file        =  S:\zigbee\Myzigbe\version 3.0 for new              #
#                          ZStack-CC2530-2.5.1a\Projects\zstack\AT            #
#                          commands\AT command 3.0\Source\SampleApp.c         #
#    Command line       =  -f "S:\zigbee\Myzigbe\version 3.0 for new          #
#                          ZStack-CC2530-2.5.1a\Projects\zstack\AT            #
#                          commands\AT command 3.0\CC2530DB\..\..\..\Tools\CC #
#                          2530DB\f8wRouter.cfg" (-DCPU32MHZ                  #
#                          -DROOT=__near_func -DMAC_CFG_APP_PENDING_QUEUE=TRU #
#                          E -DMAC_CFG_TX_DATA_MAX=5 -DMAC_CFG_TX_MAX=8       #
#                          -DMAC_CFG_RX_MAX=5 -DRTR_NWK) -f                   #
#                          "S:\zigbee\Myzigbe\version 3.0 for new             #
#                          ZStack-CC2530-2.5.1a\Projects\zstack\AT            #
#                          commands\AT command 3.0\CC2530DB\..\..\..\Tools\CC #
#                          2530DB\f8wConfig.cfg" (-DZIGBEEPRO -DSECURE=0      #
#                          -DZG_SECURE_DYNAMIC=0 -DREFLECTOR                  #
#                          -DDEFAULT_CHANLIST=0x00000800                      #
#                          -DZDAPP_CONFIG_PAN_ID=0x2015                       #
#                          -DNWK_START_DELAY=100 -DEXTENDED_JOINING_RANDOM_MA #
#                          SK=0x007F -DBEACON_REQUEST_DELAY=100               #
#                          -DBEACON_REQ_DELAY_MASK=0x00FF                     #
#                          -DLINK_STATUS_JITTER_MASK=0x007F                   #
#                          -DROUTE_EXPIRY_TIME=30 -DAPSC_ACK_WAIT_DURATION_PO #
#                          LLED=3000 -DNWK_INDIRECT_MSG_TIMEOUT=7             #
#                          -DMAX_RREQ_ENTRIES=8 -DAPSC_MAX_FRAME_RETRIES=3    #
#                          -DNWK_MAX_DATA_RETRIES=2                           #
#                          -DMAX_POLL_FAILURE_RETRIES=2 -DMAX_BCAST=9         #
#                          -DAPS_MAX_GROUPS=16 -DMAX_RTG_ENTRIES=40           #
#                          -DNWK_MAX_BINDING_ENTRIES=4                        #
#                          -DMAX_BINDING_CLUSTER_IDS=4 "-DDEFAULT_KEY={0x01,  #
#                          0x03, 0x05, 0x07, 0x09, 0x0B, 0x0D, 0x0F, 0x00,    #
#                          0x02, 0x04, 0x06, 0x08, 0x0A, 0x0C, 0x0D}"         #
#                          -DMAC_MAX_FRAME_SIZE=116                           #
#                          -DZDNWKMGR_MIN_TRANSMISSIONS=20 "-DCONST=const     #
#                          __code" -DGENERIC=__generic                        #
#                          -DRFD_RCVC_ALWAYS_ON=FALSE -DPOLL_RATE=1000        #
#                          -DQUEUED_POLL_RATE=100 -DRESPONSE_POLL_RATE=100)   #
#                          -DREJOIN_POLL_RATE=440 "S:\zigbee\Myzigbe\version  #
#                          3.0 for new ZStack-CC2530-2.5.1a\Projects\zstack\A #
#                          T commands\AT command 3.0\Source\SampleApp.c" -D   #
#                          ZIGBEEPRO -D NWK_AUTO_POLL -D HAL_UART=TRUE -D     #
#                          HOLD_AUTO_START -D NV_RESTORE -D REFLECTOR -D      #
#                          xHAL_UART_ISR_TX_MAX=200 -D xPOWER_SAVING -D       #
#                          ZCL_READ -D ZCL_WRITE -D ZCL_IDENTIFY -D           #
#                          ZCL_ON_OFF -D ZCL_DISCOVER -D HAL_UART_ISR=1 -D    #
#                          HAL_UART_DMA=0 -D xZTOOL_P1 -D xMT_TASK -D         #
#                          xMT_SYS_FUNC -D xMT_ZDO_FUNC -D                    #
#                          xLCD_SUPPORTED=DEBUG -D xMT_UART_DEFAULT_OVERFLOW= #
#                          FALSE -lC "S:\zigbee\Myzigbe\version 3.0 for new   #
#                          ZStack-CC2530-2.5.1a\Projects\zstack\AT            #
#                          commands\AT command 3.0\CC2530DB\RouterEB\List\"   #
#                          -lA "S:\zigbee\Myzigbe\version 3.0 for new         #
#                          ZStack-CC2530-2.5.1a\Projects\zstack\AT            #
#                          commands\AT command 3.0\CC2530DB\RouterEB\List\"   #
#                          --diag_suppress Pe001,Pa010 -o                     #
#                          "S:\zigbee\Myzigbe\version 3.0 for new             #
#                          ZStack-CC2530-2.5.1a\Projects\zstack\AT            #
#                          commands\AT command 3.0\CC2530DB\RouterEB\Obj\"    #
#                          -e --no_code_motion --debug --core=plain           #
#                          --dptr=16,1 --data_model=large                     #
#                          --code_model=banked --calling_convention=xdata_ree #
#                          ntrant --place_constants=data_rom                  #
#                          --nr_virtual_regs 16 -I "S:\zigbee\Myzigbe\version #
#                           3.0 for new ZStack-CC2530-2.5.1a\Projects\zstack\ #
#                          AT commands\AT command 3.0\CC2530DB\" -I           #
#                          "S:\zigbee\Myzigbe\version 3.0 for new             #
#                          ZStack-CC2530-2.5.1a\Projects\zstack\AT            #
#                          commands\AT command 3.0\CC2530DB\..\Source\" -I    #
#                          "S:\zigbee\Myzigbe\version 3.0 for new             #
#                          ZStack-CC2530-2.5.1a\Projects\zstack\AT            #
#                          commands\AT command 3.0\CC2530DB\..\..\..\ZMain\TI #
#                          2530DB\" -I "S:\zigbee\Myzigbe\version 3.0 for     #
#                          new ZStack-CC2530-2.5.1a\Projects\zstack\AT        #
#                          commands\AT command 3.0\CC2530DB\..\..\..\..\..\Co #
#                          mponents\hal\include\" -I                          #
#                          "S:\zigbee\Myzigbe\version 3.0 for new             #
#                          ZStack-CC2530-2.5.1a\Projects\zstack\AT            #
#                          commands\AT command 3.0\CC2530DB\..\..\..\..\..\Co #
#                          mponents\hal\target\CC2530EB\" -I                  #
#                          "S:\zigbee\Myzigbe\version 3.0 for new             #
#                          ZStack-CC2530-2.5.1a\Projects\zstack\AT            #
#                          commands\AT command 3.0\CC2530DB\..\..\..\..\..\Co #
#                          mponents\mac\include\" -I                          #
#                          "S:\zigbee\Myzigbe\version 3.0 for new             #
#                          ZStack-CC2530-2.5.1a\Projects\zstack\AT            #
#                          commands\AT command 3.0\CC2530DB\..\..\..\..\..\Co #
#                          mponents\mac\high_level\" -I                       #
#                          "S:\zigbee\Myzigbe\version 3.0 for new             #
#                          ZStack-CC2530-2.5.1a\Projects\zstack\AT            #
#                          commands\AT command 3.0\CC2530DB\..\..\..\..\..\Co #
#                          mponents\mac\low_level\srf04\" -I                  #
#                          "S:\zigbee\Myzigbe\version 3.0 for new             #
#                          ZStack-CC2530-2.5.1a\Projects\zstack\AT            #
#                          commands\AT command 3.0\CC2530DB\..\..\..\..\..\Co #
#                          mponents\mac\low_level\srf04\single_chip\" -I      #
#                          "S:\zigbee\Myzigbe\version 3.0 for new             #
#                          ZStack-CC2530-2.5.1a\Projects\zstack\AT            #
#                          commands\AT command 3.0\CC2530DB\..\..\..\..\..\Co #
#                          mponents\mt\" -I "S:\zigbee\Myzigbe\version 3.0    #
#                          for new ZStack-CC2530-2.5.1a\Projects\zstack\AT    #
#                          commands\AT command 3.0\CC2530DB\..\..\..\..\..\Co #
#                          mponents\osal\include\" -I                         #
#                          "S:\zigbee\Myzigbe\version 3.0 for new             #
#                          ZStack-CC2530-2.5.1a\Projects\zstack\AT            #
#                          commands\AT command 3.0\CC2530DB\..\..\..\..\..\Co #
#                          mponents\services\saddr\" -I                       #
#                          "S:\zigbee\Myzigbe\version 3.0 for new             #
#                          ZStack-CC2530-2.5.1a\Projects\zstack\AT            #
#                          commands\AT command 3.0\CC2530DB\..\..\..\..\..\Co #
#                          mponents\services\sdata\" -I                       #
#                          "S:\zigbee\Myzigbe\version 3.0 for new             #
#                          ZStack-CC2530-2.5.1a\Projects\zstack\AT            #
#                          commands\AT command 3.0\CC2530DB\..\..\..\..\..\Co #
#                          mponents\stack\af\" -I "S:\zigbee\Myzigbe\version  #
#                          3.0 for new ZStack-CC2530-2.5.1a\Projects\zstack\A #
#                          T commands\AT command 3.0\CC2530DB\..\..\..\..\..\ #
#                          Components\stack\nwk\" -I                          #
#                          "S:\zigbee\Myzigbe\version 3.0 for new             #
#                          ZStack-CC2530-2.5.1a\Projects\zstack\AT            #
#                          commands\AT command 3.0\CC2530DB\..\..\..\..\..\Co #
#                          mponents\stack\sapi\" -I                           #
#                          "S:\zigbee\Myzigbe\version 3.0 for new             #
#                          ZStack-CC2530-2.5.1a\Projects\zstack\AT            #
#                          commands\AT command 3.0\CC2530DB\..\..\..\..\..\Co #
#                          mponents\stack\sec\" -I "S:\zigbee\Myzigbe\version #
#                           3.0 for new ZStack-CC2530-2.5.1a\Projects\zstack\ #
#                          AT commands\AT command 3.0\CC2530DB\..\..\..\..\.. #
#                          \Components\stack\sys\" -I                         #
#                          "S:\zigbee\Myzigbe\version 3.0 for new             #
#                          ZStack-CC2530-2.5.1a\Projects\zstack\AT            #
#                          commands\AT command 3.0\CC2530DB\..\..\..\..\..\Co #
#                          mponents\stack\zdo\" -I "S:\zigbee\Myzigbe\version #
#                           3.0 for new ZStack-CC2530-2.5.1a\Projects\zstack\ #
#                          AT commands\AT command 3.0\CC2530DB\..\..\..\..\.. #
#                          \Components\stack\zcl\" -I                         #
#                          "S:\zigbee\Myzigbe\version 3.0 for new             #
#                          ZStack-CC2530-2.5.1a\Projects\zstack\AT            #
#                          commands\AT command 3.0\CC2530DB\..\..\..\..\..\Co #
#                          mponents\zmac\" -I "S:\zigbee\Myzigbe\version 3.0  #
#                          for new ZStack-CC2530-2.5.1a\Projects\zstack\AT    #
#                          commands\AT command 3.0\CC2530DB\..\..\..\..\..\Co #
#                          mponents\zmac\f8w\" -Ohz --require_prototypes      #
#    List file          =  S:\zigbee\Myzigbe\version 3.0 for new              #
#                          ZStack-CC2530-2.5.1a\Projects\zstack\AT            #
#                          commands\AT command 3.0\CC2530DB\RouterEB\List\Sam #
#                          pleApp.lst                                         #
#    Object file        =  S:\zigbee\Myzigbe\version 3.0 for new              #
#                          ZStack-CC2530-2.5.1a\Projects\zstack\AT            #
#                          commands\AT command 3.0\CC2530DB\RouterEB\Obj\Samp #
#                          leApp.r51                                          #
#                                                                             #
#                                                                             #
###############################################################################

S:\zigbee\Myzigbe\version 3.0 for new ZStack-CC2530-2.5.1a\Projects\zstack\AT commands\AT command 3.0\Source\SampleApp.c
      1          /**************************************************************************************************
      2            Filename:       SampleApp.c
      3            Revised:        $Date: 2009-03-18 15:56:27 -0700 (Wed, 18 Mar 2009) $
      4            Revision:       $Revision: 19453 $
      5          
      6            Description:    Sample Application (no Profile).
      7          
      8          
      9            Copyright 2007 Texas Instruments Incorporated. All rights reserved.
     10          
     11            IMPORTANT: Your use of this Software is limited to those specific rights
     12            granted under the terms of a software license agreement between the user
     13            who downloaded the software, his/her employer (which must be your employer)
     14            and Texas Instruments Incorporated (the "License").  You may not use this
     15            Software unless you agree to abide by the terms of the License. The License
     16            limits your use, and you acknowledge, that the Software may not be modified,
     17            copied or distributed unless embedded on a Texas Instruments microcontroller
     18            or used solely and exclusively in conjunction with a Texas Instruments radio
     19            frequency transceiver, which is integrated into your product.  Other than for
     20            the foregoing purpose, you may not use, reproduce, copy, prepare derivative
     21            works of, modify, distribute, perform, display or sell this Software and/or
     22            its documentation for any purpose.
     23          
     24            YOU FURTHER ACKNOWLEDGE AND AGREE THAT THE SOFTWARE AND DOCUMENTATION ARE
     25            PROVIDED “AS IS?WITHOUT WARRANTY OF ANY KIND, EITHER EXPRESS OR IMPLIED,
     26            INCLUDING WITHOUT LIMITATION, ANY WARRANTY OF MERCHANTABILITY, TITLE,
     27            NON-INFRINGEMENT AND FITNESS FOR A PARTICULAR PURPOSE. IN NO EVENT SHALL
     28            TEXAS INSTRUMENTS OR ITS LICENSORS BE LIABLE OR OBLIGATED UNDER CONTRACT,
     29            NEGLIGENCE, STRICT LIABILITY, CONTRIBUTION, BREACH OF WARRANTY, OR OTHER
     30            LEGAL EQUITABLE THEORY ANY DIRECT OR INDIRECT DAMAGES OR EXPENSES
     31            INCLUDING BUT NOT LIMITED TO ANY INCIDENTAL, SPECIAL, INDIRECT, PUNITIVE
     32            OR CONSEQUENTIAL DAMAGES, LOST PROFITS OR LOST DATA, COST OF PROCUREMENT
     33            OF SUBSTITUTE GOODS, TECHNOLOGY, SERVICES, OR ANY CLAIMS BY THIRD PARTIES
     34            (INCLUDING BUT NOT LIMITED TO ANY DEFENSE THEREOF), OR OTHER SIMILAR COSTS.
     35          
     36            Should you have any questions regarding your right to use this Software,
     37            contact Texas Instruments Incorporated at www.TI.com.
     38          **************************************************************************************************/
     39          
     40          /*********************************************************************
     41            This application isn't intended to do anything useful, it is
     42            intended to be a simple example of an application's structure.
     43          
     44            This application sends it's messages either as broadcast or
     45            broadcast filtered group messages.  The other (more normal)
     46            message addressing is unicast.  Most of the other sample
     47            applications are written to support the unicast message model.
     48          
     49            Key control:
     50              SW1:  Sends a flash command to all devices in Group 1.
     51              SW2:  Adds/Removes (toggles) this device in and out
     52                    of Group 1.  This will enable and disable the
     53                    reception of the flash command.
     54          *********************************************************************/
     55          
     56          /*********************************************************************
     57           * INCLUDES
     58           */
     59          #include "OSAL.h"
     60          #include "ZGlobals.h"
     61          #include "AF.h"
     62          #include "aps_groups.h"
     63          #include "ZDApp.h"
     64          
     65          #include "SampleApp.h"
     66          //#include "SampleAppHw.h"
     67          
     68          #include "OnBoard.h"
     69          #include "ZDObject.h"
     70          /* HAL */
     71          #include "hal_lcd.h"
     72          #include "hal_led.h"
     73          #include "hal_key.h"
     74          #include "AT_uart.h"
     75          #include "AT_ONOFF_output.h"
     76          /*********************************************************************
     77           * MACROS
     78           */
     79          
     80          /*********************************************************************
     81           * CONSTANTS
     82           */
     83          
     84          /*********************************************************************
     85           * TYPEDEFS
     86           */
     87          
     88          /*********************************************************************
     89           * GLOBAL VARIABLES
     90           */
     91          
     92          // This list should be filled with Application specific Cluster IDs.

   \                                 In  segment XDATA_ROM_C, align 1
     93          const cId_t SampleApp_ClusterList[SAMPLEAPP_MAX_CLUSTERS] =
   \                     SampleApp_ClusterList:
   \   000000   0100         DW 1
   \   000002   0200         DW 2
     94          {
     95            SAMPLEAPP_PERIODIC_CLUSTERID,
     96            SAMPLEAPP_FLASH_CLUSTERID
     97          };
     98          

   \                                 In  segment XDATA_ROM_C, align 1
     99          const SimpleDescriptionFormat_t SampleApp_SimpleDesc =
   \                     SampleApp_SimpleDesc:
   \   000000   CA           DB 202
   \   000001   080F         DW 3848
   \   000003   0100         DW 1
   \   000005   00           DB 0
   \   000006   02           DB 2
   \   000007   ....         DW SampleApp_ClusterList
   \   000009   02           DB 2
   \   00000A   ....         DW SampleApp_ClusterList
    100          {
    101            SAMPLEAPP_ENDPOINT,              //  int Endpoint;
    102            SAMPLEAPP_PROFID,                //  uint16 AppProfId[2];
    103            SAMPLEAPP_DEVICEID,              //  uint16 AppDeviceId[2];
    104            SAMPLEAPP_DEVICE_VERSION,        //  int   AppDevVer:4;
    105            SAMPLEAPP_FLAGS,                 //  int   AppFlags:4;
    106            SAMPLEAPP_MAX_CLUSTERS,          //  uint8  AppNumInClusters;
    107            (cId_t *)SampleApp_ClusterList,  //  uint8 *pAppInClusterList;
    108            SAMPLEAPP_MAX_CLUSTERS,          //  uint8  AppNumInClusters;
    109            (cId_t *)SampleApp_ClusterList   //  uint8 *pAppInClusterList;
    110          };
    111          
    112          // This is the Endpoint/Interface description.  It is defined here, but
    113          // filled-in in SampleApp_Init().  Another way to go would be to fill
    114          // in the structure here and make it a "const" (in code space).  The
    115          // way it's defined in this sample app it is define in RAM.

   \                                 In  segment XDATA_Z, align 1, keep-with-next
    116          endPointDesc_t SampleApp_epDesc;
   \                     SampleApp_epDesc:
   \   000000                DS 6
   \   000006                REQUIRE __INIT_XDATA_Z
    117          
    118          /*********************************************************************
    119           * EXTERNAL VARIABLES
    120           */
    121          
    122          /*********************************************************************
    123           * EXTERNAL FUNCTIONS
    124           */
    125          
    126          /*********************************************************************
    127           * LOCAL VARIABLES
    128           */

   \                                 In  segment XDATA_Z, align 1, keep-with-next
    129          uint8 SampleApp_TaskID;   // Task ID for internal task/event processing
   \                     SampleApp_TaskID:
   \   000000                DS 1
   \   000001                REQUIRE __INIT_XDATA_Z
    130                                    // This variable will be received when
    131                                    // SampleApp_Init() is called.

   \                                 In  segment XDATA_Z, align 1, keep-with-next
    132          devStates_t SampleApp_NwkState;
   \                     SampleApp_NwkState:
   \   000000                DS 1
   \   000001                REQUIRE __INIT_XDATA_Z
    133          

   \                                 In  segment XDATA_Z, align 1, keep-with-next
    134          uint8 SampleApp_TransID;  // This is the unique message ID (counter)
   \                     SampleApp_TransID:
   \   000000                DS 1
   \   000001                REQUIRE __INIT_XDATA_Z
    135          

   \                                 In  segment XDATA_Z, align 1, keep-with-next
    136          afAddrType_t SampleApp_Periodic_DstAddr;
   \                     SampleApp_Periodic_DstAddr:
   \   000000                DS 12
   \   00000C                REQUIRE __INIT_XDATA_Z

   \                                 In  segment XDATA_Z, align 1, keep-with-next
    137          afAddrType_t SampleApp_Flash_DstAddr;
   \                     SampleApp_Flash_DstAddr:
   \   000000                DS 12
   \   00000C                REQUIRE __INIT_XDATA_Z
    138          

   \                                 In  segment XDATA_Z, align 1, keep-with-next
    139          aps_Group_t SampleApp_Group;
   \                     SampleApp_Group:
   \   000000                DS 18
   \   000012                REQUIRE __INIT_XDATA_Z
    140          

   \                                 In  segment XDATA_Z, align 1, keep-with-next
    141          uint8 SampleAppPeriodicCounter = 0;
   \                     SampleAppPeriodicCounter:
   \   000000                DS 1
   \   000001                REQUIRE __INIT_XDATA_Z

   \                                 In  segment XDATA_Z, align 1, keep-with-next
    142          uint8 SampleAppFlashCounter = 0;
   \                     SampleAppFlashCounter:
   \   000000                DS 1
   \   000001                REQUIRE __INIT_XDATA_Z
    143          
    144          /*********************************************************************
    145           * LOCAL FUNCTIONS
    146           */
    147          void SampleApp_HandleKeys( uint8 shift, uint8 keys );
    148          void SampleApp_MessageMSGCB( afIncomingMSGPacket_t *pckt );
    149          void SampleApp_SendPeriodicMessage( void );
    150          void SampleApp_SendFlashMessage( uint16 flashTime );
    151          
    152          /*********************************************************************
    153           * NETWORK LAYER CALLBACKS
    154           */
    155          
    156          /*********************************************************************
    157           * PUBLIC FUNCTIONS
    158           */
    159          
    160          /*********************************************************************
    161           * @fn      SampleApp_Init
    162           *
    163           * @brief   Initialization function for the Generic App Task.
    164           *          This is called during initialization and should contain
    165           *          any application specific initialization (ie. hardware
    166           *          initialization/setup, table initialization, power up
    167           *          notificaiton ... ).
    168           *
    169           * @param   task_id - the ID assigned by OSAL.  This ID should be
    170           *                    used to send messages and set timers.
    171           *
    172           * @return  none
    173           */

   \                                 In  segment BANKED_CODE, align 1, keep-with-next
    174          void SampleApp_Init( uint8 task_id )
   \                     SampleApp_Init:
    175          {
   \   000000   74F5         MOV     A,#-0xb
   \   000002   12....       LCALL   ?BANKED_ENTER_XDATA
   \   000005                ; Saved register size: 11
   \   000005                ; Auto size: 0
   \   000005   E9           MOV     A,R1
    176            SampleApp_TaskID = task_id;
   \   000006   90....       MOV     DPTR,#SampleApp_TaskID
   \   000009   F0           MOVX    @DPTR,A
    177            SampleApp_NwkState = DEV_INIT;
   \   00000A   90....       MOV     DPTR,#SampleApp_NwkState
   \   00000D   7401         MOV     A,#0x1
   \   00000F   F0           MOVX    @DPTR,A
    178            SampleApp_TransID = 0;
   \   000010   90....       MOV     DPTR,#SampleApp_TransID
   \   000013   E4           CLR     A
   \   000014   F0           MOVX    @DPTR,A
    179          
    180              
    181              
    182              
    183              
    184              
    185            // Device hardware initialization can be added here or in main() (Zmain.c).
    186            // If the hardware is application specific - add it here.
    187            // If the hardware is other parts of the device add it in main().
    188          
    189           #if defined ( BUILD_ALL_DEVICES )
    190            // The "Demo" target is setup to have BUILD_ALL_DEVICES and HOLD_AUTO_START
    191            // We are looking at a jumper (defined in SampleAppHw.c) to be jumpered
    192            // together - if they are - we will start up a coordinator. Otherwise,
    193            // the device will start as a router.
    194            if ( readCoordinatorJumper() )
    195              zgDeviceLogicalType = ZG_DEVICETYPE_COORDINATOR;
    196            else
    197              zgDeviceLogicalType = ZG_DEVICETYPE_ROUTER;
    198          #endif // BUILD_ALL_DEVICES
    199          
    200          #if defined ( HOLD_AUTO_START )
    201            ZDOInitDevice(0);
   \   000015                ; Setup parameters for call to function ZDOInitDevice
   \   000015   FA           MOV     R2,A
   \   000016   FB           MOV     R3,A
   \   000017   12....       LCALL   ??ZDOInitDevice?relay
    202          #endif
    203            
    204          
    205            // Setup for the periodic message's destination address
    206            // Broadcast to everyone
    207            SampleApp_Periodic_DstAddr.addrMode = (afAddrMode_t)AddrBroadcast;
   \   00001A   90....       MOV     DPTR,#SampleApp_Periodic_DstAddr + 8
   \   00001D   740F         MOV     A,#0xf
   \   00001F   F0           MOVX    @DPTR,A
    208            SampleApp_Periodic_DstAddr.endPoint = SAMPLEAPP_ENDPOINT;
   \   000020   A3           INC     DPTR
   \   000021   74CA         MOV     A,#-0x36
   \   000023   F0           MOVX    @DPTR,A
    209            SampleApp_Periodic_DstAddr.addr.shortAddr = 0xFFFF;
   \   000024   90....       MOV     DPTR,#SampleApp_Periodic_DstAddr
   \   000027   74FF         MOV     A,#-0x1
   \   000029   F0           MOVX    @DPTR,A
   \   00002A   A3           INC     DPTR
   \   00002B   F0           MOVX    @DPTR,A
    210          
    211            // Setup for the flash command's destination address - Group 1
    212            SampleApp_Flash_DstAddr.addrMode = (afAddrMode_t)afAddrGroup;
   \   00002C   90....       MOV     DPTR,#SampleApp_Flash_DstAddr + 8
   \   00002F   7401         MOV     A,#0x1
   \   000031   F0           MOVX    @DPTR,A
    213            SampleApp_Flash_DstAddr.endPoint = SAMPLEAPP_ENDPOINT;
   \   000032   A3           INC     DPTR
   \   000033   74CA         MOV     A,#-0x36
   \   000035   F0           MOVX    @DPTR,A
    214            SampleApp_Flash_DstAddr.addr.shortAddr = SAMPLEAPP_FLASH_GROUP;
   \   000036   90....       MOV     DPTR,#SampleApp_Flash_DstAddr
   \   000039   7401         MOV     A,#0x1
   \   00003B   F0           MOVX    @DPTR,A
   \   00003C   A3           INC     DPTR
   \   00003D   E4           CLR     A
   \   00003E   F0           MOVX    @DPTR,A
    215          
    216            // Fill out the endpoint description.
    217            SampleApp_epDesc.endPoint = SAMPLEAPP_ENDPOINT;
   \   00003F   90....       MOV     DPTR,#SampleApp_epDesc
   \   000042   74CA         MOV     A,#-0x36
   \   000044   F0           MOVX    @DPTR,A
    218            SampleApp_epDesc.task_id = &SampleApp_TaskID;
   \   000045   A3           INC     DPTR
   \   000046   74..         MOV     A,#SampleApp_TaskID & 0xff
   \   000048   F0           MOVX    @DPTR,A
   \   000049   A3           INC     DPTR
   \   00004A   74..         MOV     A,#(SampleApp_TaskID >> 8) & 0xff
   \   00004C   F0           MOVX    @DPTR,A
    219            SampleApp_epDesc.simpleDesc
    220                      = (SimpleDescriptionFormat_t *)&SampleApp_SimpleDesc;
   \   00004D   A3           INC     DPTR
   \   00004E   74..         MOV     A,#SampleApp_SimpleDesc & 0xff
   \   000050   F0           MOVX    @DPTR,A
   \   000051   A3           INC     DPTR
   \   000052   74..         MOV     A,#(SampleApp_SimpleDesc >> 8) & 0xff
   \   000054   F0           MOVX    @DPTR,A
    221            SampleApp_epDesc.latencyReq = noLatencyReqs;
   \   000055   A3           INC     DPTR
   \   000056   E4           CLR     A
   \   000057   F0           MOVX    @DPTR,A
    222          
    223            // Register the endpoint description with the AF
    224            afRegister( &SampleApp_epDesc );
   \   000058                ; Setup parameters for call to function afRegister
   \   000058   7A..         MOV     R2,#SampleApp_epDesc & 0xff
   \   00005A   7B..         MOV     R3,#(SampleApp_epDesc >> 8) & 0xff
   \   00005C   12....       LCALL   ??afRegister?relay
    225            
    226            // Register for all key events - This app will handle all key events
    227            RegisterForKeys( SampleApp_TaskID );
   \   00005F                ; Setup parameters for call to function RegisterForKeys
   \   00005F   90....       MOV     DPTR,#SampleApp_TaskID
   \   000062   E0           MOVX    A,@DPTR
   \   000063   F9           MOV     R1,A
   \   000064   12....       LCALL   ??RegisterForKeys?relay
    228          
    229            // By default, all devices start out in Group 1
    230            SampleApp_Group.ID = 0x0001;
   \   000067   90....       MOV     DPTR,#SampleApp_Group
   \   00006A   7401         MOV     A,#0x1
   \   00006C   F0           MOVX    @DPTR,A
   \   00006D   A3           INC     DPTR
   \   00006E   E4           CLR     A
   \   00006F   F0           MOVX    @DPTR,A
    231            osal_memcpy( SampleApp_Group.name, "Group 1", 7  );
   \   000070                ; Setup parameters for call to function osal_memcpy
   \   000070   75....       MOV     ?V0 + 0,#`?<Constant "Group 1">` & 0xff
   \   000073   75....       MOV     ?V0 + 1,#(`?<Constant "Group 1">` >> 8) & 0xff
   \   000076   F5..         MOV     ?V0 + 2,A
   \   000078   78..         MOV     R0,#?V0 + 0
   \   00007A   12....       LCALL   ?PUSH_XSTACK_I_THREE
   \   00007D   7C07         MOV     R4,#0x7
   \   00007F   7D00         MOV     R5,#0x0
   \   000081   7A..         MOV     R2,#(SampleApp_Group + 2) & 0xff
   \   000083   7B..         MOV     R3,#((SampleApp_Group + 2) >> 8) & 0xff
   \   000085   12....       LCALL   ??osal_memcpy?relay
   \   000088   7403         MOV     A,#0x3
   \   00008A   12....       LCALL   ?DEALLOC_XSTACK8
    232            aps_AddGroup( SAMPLEAPP_ENDPOINT, &SampleApp_Group );
   \   00008D                ; Setup parameters for call to function aps_AddGroup
   \   00008D   7A..         MOV     R2,#SampleApp_Group & 0xff
   \   00008F   7B..         MOV     R3,#(SampleApp_Group >> 8) & 0xff
   \   000091   79CA         MOV     R1,#-0x36
   \   000093   12....       LCALL   ??aps_AddGroup?relay
    233          
    234          #if defined ( LCD_SUPPORTED )
    235            HalLcdWriteString( "SampleApp", HAL_LCD_LINE_1 );
    236          #endif
    237            
    238          }
   \   000096   7F03         MOV     R7,#0x3
   \   000098   02....       LJMP    ?BANKED_LEAVE_XDATA
    239          
    240          /*********************************************************************
    241           * @fn      SampleApp_ProcessEvent
    242           *
    243           * @brief   Generic Application Task event processor.  This function
    244           *          is called to process all events for the task.  Events
    245           *          include timers, messages and any other user defined events.
    246           *
    247           * @param   task_id  - The OSAL assigned task ID.
    248           * @param   events - events to process.  This is a bit map and can
    249           *                   contain more than one event.
    250           *
    251           * @return  none
    252           */

   \                                 In  segment BANKED_CODE, align 1, keep-with-next
    253          uint16 SampleApp_ProcessEvent( uint8 task_id, uint16 events )
   \                     SampleApp_ProcessEvent:
    254          {
   \   000000   74F4         MOV     A,#-0xc
   \   000002   12....       LCALL   ?BANKED_ENTER_XDATA
   \   000005                ; Saved register size: 12
   \   000005                ; Auto size: 0
   \   000005   8A..         MOV     ?V0 + 0,R2
   \   000007   8B..         MOV     ?V0 + 1,R3
    255            afIncomingMSGPacket_t *MSGpkt;
    256            (void)task_id;  // Intentionally unreferenced parameter
    257          
    258            if ( events & SYS_EVENT_MSG )
   \   000009   EB           MOV     A,R3
   \   00000A   5480         ANL     A,#0x80
   \   00000C   7003         JNZ     $+5
   \   00000E   02....       LJMP    ??SampleApp_ProcessEvent_0 & 0xFFFF
    259            {
    260              MSGpkt = (afIncomingMSGPacket_t *)osal_msg_receive( SampleApp_TaskID );
   \   000011                ; Setup parameters for call to function osal_msg_receive
   \   000011   8011         SJMP    ??SampleApp_ProcessEvent_1
    261              while ( MSGpkt )
    262              {
    263                switch ( MSGpkt->hdr.event )
    264                {
    265                  // Received when a key is pressed
    266                  case KEY_CHANGE:
    267                    SampleApp_HandleKeys( ((keyChange_t *)MSGpkt)->state, ((keyChange_t *)MSGpkt)->keys );
    268                    break;
    269          
    270                  // Received when a messages is received (OTA) for this endpoint
    271                  case AF_INCOMING_MSG_CMD:
    272                      SampleApp_MessageMSGCB( MSGpkt );
    273                      break;
    274          
    275                  // Received whenever the device changes state in the network
    276                  case ZDO_STATE_CHANGE:
    277                    SampleApp_NwkState = (devStates_t)(MSGpkt->hdr.status);
    278                    if ( (SampleApp_NwkState == DEV_ZB_COORD)
    279                        || (SampleApp_NwkState == DEV_ROUTER)
    280                        || (SampleApp_NwkState == DEV_END_DEVICE) )
    281                    {
    282                      // Start sending the periodic message in a regular interval.
    283                      osal_start_timerEx( SampleApp_TaskID,
    284                                        SAMPLEAPP_SEND_PERIODIC_MSG_EVT,
    285                                        SAMPLEAPP_SEND_PERIODIC_MSG_TIMEOUT );
    286                    }
    287                    else
    288                    {
    289                      // Device is no longer in the network
    290                    }
    291                    break;
    292                  case AT_CMD_MSG:
    293                    //HalUARTWrite ( 0, " received \n", sizeof(" received \n") );
    294                    AT_HandleCMD(((atOSALSerialData_t*) MSGpkt)->msg);
   \                     ??SampleApp_ProcessEvent_2:
   \   000013                ; Setup parameters for call to function AT_HandleCMD
   \   000013   A3           INC     DPTR
   \   000014   A3           INC     DPTR
   \   000015   E0           MOVX    A,@DPTR
   \   000016   FA           MOV     R2,A
   \   000017   A3           INC     DPTR
   \   000018   E0           MOVX    A,@DPTR
   \   000019   FB           MOV     R3,A
   \   00001A   12....       LCALL   ??AT_HandleCMD?relay
    295                   break;
    296          
    297                  default:
    298                    break;
    299                }
    300          
    301                // Release the memory
    302                osal_msg_deallocate( (uint8 *)MSGpkt );
   \                     ??SampleApp_ProcessEvent_3:
   \   00001D                ; Setup parameters for call to function osal_msg_deallocate
   \   00001D   EE           MOV     A,R6
   \   00001E   FA           MOV     R2,A
   \   00001F   EF           MOV     A,R7
   \   000020   FB           MOV     R3,A
   \   000021   12....       LCALL   ??osal_msg_deallocate?relay
    303          
    304                // Next - if one is available
    305                MSGpkt = (afIncomingMSGPacket_t *)osal_msg_receive( SampleApp_TaskID );
   \   000024                ; Setup parameters for call to function osal_msg_receive
   \                     ??SampleApp_ProcessEvent_1:
   \   000024   90....       MOV     DPTR,#SampleApp_TaskID
   \   000027   E0           MOVX    A,@DPTR
   \   000028   F9           MOV     R1,A
   \   000029   12....       LCALL   ??osal_msg_receive?relay
   \   00002C   8A..         MOV     ?V0 + 2,R2
   \   00002E   8B..         MOV     ?V0 + 3,R3
   \   000030   AE..         MOV     R6,?V0 + 2
   \   000032   AF..         MOV     R7,?V0 + 3
   \   000034   EE           MOV     A,R6
   \   000035   4F           ORL     A,R7
   \   000036   6057         JZ      ??SampleApp_ProcessEvent_4
   \   000038   8E82         MOV     DPL,R6
   \   00003A   8F83         MOV     DPH,R7
   \   00003C   E0           MOVX    A,@DPTR
   \   00003D   14           DEC     A
   \   00003E   60D3         JZ      ??SampleApp_ProcessEvent_2
   \   000040   24E7         ADD     A,#-0x19
   \   000042   601C         JZ      ??SampleApp_ProcessEvent_5
   \   000044   245A         ADD     A,#0x5a
   \   000046   6006         JZ      ??SampleApp_ProcessEvent_6
   \   000048   24EF         ADD     A,#-0x11
   \   00004A   601D         JZ      ??SampleApp_ProcessEvent_7
   \   00004C   80CF         SJMP    ??SampleApp_ProcessEvent_3
   \                     ??SampleApp_ProcessEvent_6:
   \   00004E                ; Setup parameters for call to function SampleApp_HandleKeys
   \   00004E   A3           INC     DPTR
   \   00004F   A3           INC     DPTR
   \   000050   A3           INC     DPTR
   \   000051   E0           MOVX    A,@DPTR
   \   000052   FA           MOV     R2,A
   \   000053   8E82         MOV     DPL,R6
   \   000055   8F83         MOV     DPH,R7
   \   000057   A3           INC     DPTR
   \   000058   A3           INC     DPTR
   \   000059   E0           MOVX    A,@DPTR
   \   00005A   F9           MOV     R1,A
   \   00005B   12....       LCALL   ??SampleApp_HandleKeys?relay
   \   00005E   80BD         SJMP    ??SampleApp_ProcessEvent_3
   \                     ??SampleApp_ProcessEvent_5:
   \   000060                ; Setup parameters for call to function SampleApp_MessageMSGCB
   \   000060   EE           MOV     A,R6
   \   000061   FA           MOV     R2,A
   \   000062   EF           MOV     A,R7
   \   000063   FB           MOV     R3,A
   \   000064   12....       LCALL   ??SampleApp_MessageMSGCB?relay
   \   000067   80B4         SJMP    ??SampleApp_ProcessEvent_3
   \                     ??SampleApp_ProcessEvent_7:
   \   000069   A3           INC     DPTR
   \   00006A   E0           MOVX    A,@DPTR
   \   00006B   90....       MOV     DPTR,#SampleApp_NwkState
   \   00006E   F0           MOVX    @DPTR,A
   \   00006F   6409         XRL     A,#0x9
   \   000071   600A         JZ      ??SampleApp_ProcessEvent_8
   \   000073   E0           MOVX    A,@DPTR
   \   000074   6407         XRL     A,#0x7
   \   000076   6005         JZ      ??SampleApp_ProcessEvent_8
   \   000078   E0           MOVX    A,@DPTR
   \   000079   6406         XRL     A,#0x6
   \   00007B   70A0         JNZ     ??SampleApp_ProcessEvent_3
   \                     ??SampleApp_ProcessEvent_8:
   \   00007D                ; Setup parameters for call to function osal_start_timerEx
   \   00007D   7C88         MOV     R4,#-0x78
   \   00007F   7D13         MOV     R5,#0x13
   \   000081   7A01         MOV     R2,#0x1
   \   000083   7B00         MOV     R3,#0x0
   \   000085   90....       MOV     DPTR,#SampleApp_TaskID
   \   000088   E0           MOVX    A,@DPTR
   \   000089   F9           MOV     R1,A
   \   00008A   12....       LCALL   ??osal_start_timerEx?relay
   \   00008D   808E         SJMP    ??SampleApp_ProcessEvent_3
    306              }
    307          
    308              // return unprocessed events
    309              return (events ^ SYS_EVENT_MSG);
   \                     ??SampleApp_ProcessEvent_4:
   \   00008F   AA..         MOV     R2,?V0 + 0
   \   000091   E5..         MOV     A,?V0 + 1
   \   000093   6480         XRL     A,#0x80
   \   000095   FB           MOV     R3,A
   \   000096   8004         SJMP    ??SampleApp_ProcessEvent_9
    310            }
    311          
    312            // Send a message out - This event is generated by a timer
    313            //  (setup in SampleApp_Init()).
    314            /*if ( events & SAMPLEAPP_SEND_PERIODIC_MSG_EVT )
    315            {
    316              // Send the periodic message
    317              SampleApp_SendPeriodicMessage();
    318          
    319              // Setup to send message again in normal period (+ a little jitter)
    320              osal_start_timerEx( SampleApp_TaskID, SAMPLEAPP_SEND_PERIODIC_MSG_EVT,
    321                  (SAMPLEAPP_SEND_PERIODIC_MSG_TIMEOUT + (osal_rand() & 0x00FF)) );
    322          
    323              // return unprocessed events
    324              return (events ^ SAMPLEAPP_SEND_PERIODIC_MSG_EVT);
    325            }
    326          */
    327            // Discard unknown events
    328            return 0;
   \                     ??SampleApp_ProcessEvent_0:
   \   000098   7A00         MOV     R2,#0x0
   \   00009A   7B00         MOV     R3,#0x0
   \                     ??SampleApp_ProcessEvent_9:
   \   00009C   7F04         MOV     R7,#0x4
   \   00009E   02....       LJMP    ?BANKED_LEAVE_XDATA
    329          }
    330          
    331          /*********************************************************************
    332           * Event Generation Functions
    333           */
    334          /*********************************************************************
    335           * @fn      SampleApp_HandleKeys
    336           *
    337           * @brief   Handles all key events for this device.
    338           *
    339           * @param   shift - true if in shift/alt.
    340           * @param   keys - bit field for key events. Valid entries:
    341           *                 HAL_KEY_SW_2
    342           *                 HAL_KEY_SW_1
    343           *
    344           * @return  none
    345           */

   \                                 In  segment BANKED_CODE, align 1, keep-with-next
    346          void SampleApp_HandleKeys( uint8 shift, uint8 keys )
   \                     SampleApp_HandleKeys:
    347          {
   \   000000   74F6         MOV     A,#-0xa
   \   000002   12....       LCALL   ?BANKED_ENTER_XDATA
   \   000005                ; Saved register size: 10
   \   000005                ; Auto size: 0
   \   000005   EA           MOV     A,R2
   \   000006   FE           MOV     R6,A
    348            (void)shift;  // Intentionally unreferenced parameter
    349            
    350            if ( keys & HAL_KEY_SW_1 )
   \   000007   A2E0         MOV     C,0xE0 /* A   */.0
   \   000009   5014         JNC     ??SampleApp_HandleKeys_0
    351            {
    352              /* This key sends the Flash Command is sent to Group 1.
    353               * This device will not receive the Flash Command from this
    354               * device (even if it belongs to group 1).
    355               */
    356              SampleApp_SendFlashMessage( SAMPLEAPP_FLASH_DURATION );
   \   00000B                ; Setup parameters for call to function SampleApp_SendFlashMessage
   \   00000B   7AE8         MOV     R2,#-0x18
   \   00000D   7B03         MOV     R3,#0x3
   \   00000F   12....       LCALL   ??SampleApp_SendFlashMessage?relay
    357              HalLedBlink( HAL_LED_1, 4, 50, (SAMPLEAPP_FLASH_DURATION / 4) );
   \   000012                ; Setup parameters for call to function HalLedBlink
   \   000012   7CFA         MOV     R4,#-0x6
   \   000014   7D00         MOV     R5,#0x0
   \   000016   7B32         MOV     R3,#0x32
   \   000018   7A04         MOV     R2,#0x4
   \   00001A   7901         MOV     R1,#0x1
   \   00001C   12....       LCALL   ??HalLedBlink?relay
    358            }
    359            if ( keys & HAL_KEY_SW_2 )
   \                     ??SampleApp_HandleKeys_0:
   \   00001F   EE           MOV     A,R6
   \   000020   A2E1         MOV     C,0xE0 /* A   */.1
   \   000022   5024         JNC     ??SampleApp_HandleKeys_1
    360            {
    361              /* The Flashr Command is sent to Group 1.
    362               * This key toggles this device in and out of group 1.
    363               * If this device doesn't belong to group 1, this application
    364               * will not receive the Flash command sent to group 1.
    365               */
    366              aps_Group_t *grp;
    367              grp = aps_FindGroup( SAMPLEAPP_ENDPOINT, SAMPLEAPP_FLASH_GROUP );
    368              if ( grp )
   \   000024                ; Setup parameters for call to function aps_FindGroup
   \   000024   7A01         MOV     R2,#0x1
   \   000026   7B00         MOV     R3,#0x0
   \   000028   79CA         MOV     R1,#-0x36
   \   00002A   12....       LCALL   ??aps_FindGroup?relay
   \   00002D   8B..         MOV     ?V0 + 1,R3
   \   00002F   EA           MOV     A,R2
   \   000030   45..         ORL     A,?V0 + 1
   \   000032   600B         JZ      ??SampleApp_HandleKeys_2
    369              {
    370                // Remove from the group
    371                aps_RemoveGroup( SAMPLEAPP_ENDPOINT, SAMPLEAPP_FLASH_GROUP );
   \   000034                ; Setup parameters for call to function aps_RemoveGroup
   \   000034   7A01         MOV     R2,#0x1
   \   000036   7B00         MOV     R3,#0x0
   \   000038   79CA         MOV     R1,#-0x36
   \   00003A   12....       LCALL   ??aps_RemoveGroup?relay
   \   00003D   8009         SJMP    ??SampleApp_HandleKeys_1
    372              }
    373              else
    374              {
    375                // Add to the flash group
    376                aps_AddGroup( SAMPLEAPP_ENDPOINT, &SampleApp_Group );
   \                     ??SampleApp_HandleKeys_2:
   \   00003F                ; Setup parameters for call to function aps_AddGroup
   \   00003F   7A..         MOV     R2,#SampleApp_Group & 0xff
   \   000041   7B..         MOV     R3,#(SampleApp_Group >> 8) & 0xff
   \   000043   79CA         MOV     R1,#-0x36
   \   000045   12....       LCALL   ??aps_AddGroup?relay
    377              }
    378            }
    379          }
   \                     ??SampleApp_HandleKeys_1:
   \   000048   80..         SJMP    ??Subroutine1_0

   \                                 In  segment BANKED_CODE, align 1, keep-with-next
   \                     ??Subroutine1_0:
   \   000000   7F02         MOV     R7,#0x2
   \   000002   02....       LJMP    ?BANKED_LEAVE_XDATA
    380          
    381          /*********************************************************************
    382           * LOCAL FUNCTIONS
    383           */
    384          
    385          /*********************************************************************
    386           * @fn      SampleApp_MessageMSGCB
    387           *
    388           * @brief   Data message processor callback.  This function processes
    389           *          any incoming data - probably from other devices.  So, based
    390           *          on cluster ID, perform the intended action.
    391           *
    392           * @param   none
    393           *
    394           * @return  none
    395           */

   \                                 In  segment BANKED_CODE, align 1, keep-with-next
    396          void SampleApp_MessageMSGCB( afIncomingMSGPacket_t *pkt )
   \                     SampleApp_MessageMSGCB:
    397          {
   \   000000   74F6         MOV     A,#-0xa
   \   000002   12....       LCALL   ?BANKED_ENTER_XDATA
   \   000005                ; Saved register size: 10
   \   000005                ; Auto size: 0
    398            uint16 flashTime;
    399            //HalLedSet( HAL_LED_1,HAL_LED_MODE_TOGGLE);
    400            switch ( pkt->clusterId )
   \   000005   8A82         MOV     DPL,R2
   \   000007   8B83         MOV     DPH,R3
   \   000009   A3           INC     DPTR
   \   00000A   A3           INC     DPTR
   \   00000B   A3           INC     DPTR
   \   00000C   A3           INC     DPTR
   \   00000D   E0           MOVX    A,@DPTR
   \   00000E   6402         XRL     A,#0x2
   \   000010   7002         JNZ     ??SampleApp_MessageMSGCB_0
   \   000012   A3           INC     DPTR
   \   000013   E0           MOVX    A,@DPTR
   \                     ??SampleApp_MessageMSGCB_0:
   \   000014   703B         JNZ     ??SampleApp_MessageMSGCB_1
    401            {
    402              case SAMPLEAPP_PERIODIC_CLUSTERID:
    403                break;
    404          
    405              case SAMPLEAPP_FLASH_CLUSTERID:
    406                flashTime = BUILD_UINT16(pkt->cmd.Data[1], pkt->cmd.Data[2] );
    407                HalLedBlink( HAL_LED_1, 4, 50, (flashTime / 4) );
   \   000016   EA           MOV     A,R2
   \   000017   2422         ADD     A,#0x22
   \   000019   F582         MOV     DPL,A
   \   00001B   EB           MOV     A,R3
   \   00001C   3400         ADDC    A,#0x0
   \   00001E   F583         MOV     DPH,A
   \   000020   E0           MOVX    A,@DPTR
   \   000021   F8           MOV     R0,A
   \   000022   A3           INC     DPTR
   \   000023   E0           MOVX    A,@DPTR
   \   000024   F9           MOV     R1,A
   \   000025                ; Setup parameters for call to function HalLedBlink
   \   000025   8882         MOV     DPL,R0
   \   000027   8983         MOV     DPH,R1
   \   000029   A3           INC     DPTR
   \   00002A   E0           MOVX    A,@DPTR
   \   00002B   FA           MOV     R2,A
   \   00002C   8882         MOV     DPL,R0
   \   00002E   8983         MOV     DPH,R1
   \   000030   A3           INC     DPTR
   \   000031   A3           INC     DPTR
   \   000032   E0           MOVX    A,@DPTR
   \   000033   F9           MOV     R1,A
   \   000034   EA           MOV     A,R2
   \   000035   2400         ADD     A,#0x0
   \   000037   F5..         MOV     ?V0 + 0,A
   \   000039   E4           CLR     A
   \   00003A   39           ADDC    A,R1
   \   00003B   F5..         MOV     ?V0 + 1,A
   \   00003D   7402         MOV     A,#0x2
   \   00003F   78..         MOV     R0,#?V0 + 0
   \   000041   12....       LCALL   ?US_SHR
   \   000044   AC..         MOV     R4,?V0 + 0
   \   000046   AD..         MOV     R5,?V0 + 1
   \   000048   7B32         MOV     R3,#0x32
   \   00004A   7A04         MOV     R2,#0x4
   \   00004C   7901         MOV     R1,#0x1
   \   00004E   12....       LCALL   ??HalLedBlink?relay
    408                break;
    409            }
    410          }
   \                     ??SampleApp_MessageMSGCB_1:
   \   000051   80..         SJMP    ??Subroutine1_0
    411          
    412          /*********************************************************************
    413           * @fn      SampleApp_SendPeriodicMessage
    414           *
    415           * @brief   Send the periodic message.
    416           *
    417           * @param   none
    418           *
    419           * @return  none
    420           */

   \                                 In  segment BANKED_CODE, align 1, keep-with-next
   \                     ?Subroutine0:
   \   000000   12....       LCALL   ?DEALLOC_XSTACK8
   \   000003                REQUIRE ??Subroutine1_0
   \   000003                ; // Fall through to label ??Subroutine1_0

   \                                 In  segment BANKED_CODE, align 1, keep-with-next
    421          void SampleApp_SendPeriodicMessage( void )
   \                     SampleApp_SendPeriodicMessage:
    422          {
   \   000000   74F6         MOV     A,#-0xa
   \   000002   12....       LCALL   ?BANKED_ENTER_XDATA
   \   000005                ; Saved register size: 10
   \   000005                ; Auto size: 0
    423            if ( AF_DataRequest( &SampleApp_Periodic_DstAddr, &SampleApp_epDesc,
    424                                 SAMPLEAPP_PERIODIC_CLUSTERID,
    425                                 1,
    426                                 (uint8*)&SampleAppPeriodicCounter,
    427                                 &SampleApp_TransID,
    428                                 AF_DISCV_ROUTE,
    429                                 AF_DEFAULT_RADIUS ) == afStatus_SUCCESS )
   \   000005                ; Setup parameters for call to function AF_DataRequest
   \   000005   75..1E       MOV     ?V0 + 0,#0x1e
   \   000008   78..         MOV     R0,#?V0 + 0
   \   00000A   12....       LCALL   ?PUSH_XSTACK_I_ONE
   \   00000D   75....       MOV     ?V0 + 0,#SampleApp_TransID & 0xff
   \   000010   75....       MOV     ?V0 + 1,#(SampleApp_TransID >> 8) & 0xff
   \   000013   78..         MOV     R0,#?V0 + 0
   \   000015   12....       LCALL   ?PUSH_XSTACK_I_TWO
   \   000018   75....       MOV     ?V0 + 0,#SampleAppPeriodicCounter & 0xff
   \   00001B   75....       MOV     ?V0 + 1,#(SampleAppPeriodicCounter >> 8) & 0xff
   \   00001E   78..         MOV     R0,#?V0 + 0
   \   000020   12....       LCALL   ?PUSH_XSTACK_I_TWO
   \   000023   75..01       MOV     ?V0 + 0,#0x1
   \   000026   75..00       MOV     ?V0 + 1,#0x0
   \   000029   78..         MOV     R0,#?V0 + 0
   \   00002B   12....       LCALL   ?PUSH_XSTACK_I_TWO
   \   00002E   78..         MOV     R0,#?V0 + 0
   \   000030   12....       LCALL   ?PUSH_XSTACK_I_TWO
   \   000033   7920         MOV     R1,#0x20
   \   000035   7C..         MOV     R4,#SampleApp_epDesc & 0xff
   \   000037   7D..         MOV     R5,#(SampleApp_epDesc >> 8) & 0xff
   \   000039   7A..         MOV     R2,#SampleApp_Periodic_DstAddr & 0xff
   \   00003B   7B..         MOV     R3,#(SampleApp_Periodic_DstAddr >> 8) & 0xff
   \   00003D   12....       LCALL   ??AF_DataRequest?relay
   \   000040   7409         MOV     A,#0x9
   \   000042   02....       LJMP    ?Subroutine0 & 0xFFFF
    430            {
    431            }
    432            else
    433            {
    434              // Error occurred in request to send.
    435            }
    436          }
    437          
    438          /*********************************************************************
    439           * @fn      SampleApp_SendFlashMessage
    440           *
    441           * @brief   Send the flash message to group 1.
    442           *
    443           * @param   flashTime - in milliseconds
    444           *
    445           * @return  none
    446           */

   \                                 In  segment BANKED_CODE, align 1, keep-with-next
    447          void SampleApp_SendFlashMessage( uint16 flashTime )
   \                     SampleApp_SendFlashMessage:
    448          {
   \   000000   74F6         MOV     A,#-0xa
   \   000002   12....       LCALL   ?BANKED_ENTER_XDATA
   \   000005                ; Saved register size: 10
   \   000005                ; Auto size: 3
   \   000005   74FD         MOV     A,#-0x3
   \   000007   12....       LCALL   ?ALLOC_XSTACK8
    449            uint8 buffer[3];
    450            buffer[0] = (uint8)(SampleAppFlashCounter++);
   \   00000A   90....       MOV     DPTR,#SampleAppFlashCounter
   \   00000D   E0           MOVX    A,@DPTR
   \   00000E   85..82       MOV     DPL,?XSP + 0
   \   000011   85..83       MOV     DPH,?XSP + 1
   \   000014   F0           MOVX    @DPTR,A
   \   000015   90....       MOV     DPTR,#SampleAppFlashCounter
   \   000018   E0           MOVX    A,@DPTR
   \   000019   04           INC     A
   \   00001A   F0           MOVX    @DPTR,A
    451            buffer[1] = LO_UINT16( flashTime );
   \   00001B   7401         MOV     A,#0x1
   \   00001D   12....       LCALL   ?XSTACK_DISP0_8
   \   000020   EA           MOV     A,R2
   \   000021   F0           MOVX    @DPTR,A
    452            buffer[2] = HI_UINT16( flashTime );
   \   000022   7402         MOV     A,#0x2
   \   000024   12....       LCALL   ?XSTACK_DISP0_8
   \   000027   EB           MOV     A,R3
   \   000028   F0           MOVX    @DPTR,A
    453          
    454            if ( AF_DataRequest( &SampleApp_Flash_DstAddr, &SampleApp_epDesc,
    455                                 SAMPLEAPP_FLASH_CLUSTERID,
    456                                 3,
    457                                 buffer,
    458                                 &SampleApp_TransID,
    459                                 AF_DISCV_ROUTE,
    460                                 AF_DEFAULT_RADIUS ) == afStatus_SUCCESS )
   \   000029                ; Setup parameters for call to function AF_DataRequest
   \   000029   75..1E       MOV     ?V0 + 0,#0x1e
   \   00002C   78..         MOV     R0,#?V0 + 0
   \   00002E   12....       LCALL   ?PUSH_XSTACK_I_ONE
   \   000031   75....       MOV     ?V0 + 0,#SampleApp_TransID & 0xff
   \   000034   75....       MOV     ?V0 + 1,#(SampleApp_TransID >> 8) & 0xff
   \   000037   78..         MOV     R0,#?V0 + 0
   \   000039   12....       LCALL   ?PUSH_XSTACK_I_TWO
   \   00003C   7403         MOV     A,#0x3
   \   00003E   12....       LCALL   ?XSTACK_DISP0_8
   \   000041   8582..       MOV     ?V0 + 0,DPL
   \   000044   8583..       MOV     ?V0 + 1,DPH
   \   000047   78..         MOV     R0,#?V0 + 0
   \   000049   12....       LCALL   ?PUSH_XSTACK_I_TWO
   \   00004C   75..03       MOV     ?V0 + 0,#0x3
   \   00004F   75..00       MOV     ?V0 + 1,#0x0
   \   000052   78..         MOV     R0,#?V0 + 0
   \   000054   12....       LCALL   ?PUSH_XSTACK_I_TWO
   \   000057   75..02       MOV     ?V0 + 0,#0x2
   \   00005A   78..         MOV     R0,#?V0 + 0
   \   00005C   12....       LCALL   ?PUSH_XSTACK_I_TWO
   \   00005F   7920         MOV     R1,#0x20
   \   000061   7C..         MOV     R4,#SampleApp_epDesc & 0xff
   \   000063   7D..         MOV     R5,#(SampleApp_epDesc >> 8) & 0xff
   \   000065   7A..         MOV     R2,#SampleApp_Flash_DstAddr & 0xff
   \   000067   7B..         MOV     R3,#(SampleApp_Flash_DstAddr >> 8) & 0xff
   \   000069   12....       LCALL   ??AF_DataRequest?relay
   \   00006C   7409         MOV     A,#0x9
   \   00006E   12....       LCALL   ?DEALLOC_XSTACK8
    461            {
    462            }
    463            else
    464            {
    465              // Error occurred in request to send.
    466            }
    467          }
   \   000071   7403         MOV     A,#0x3
   \   000073   02....       LJMP    ?Subroutine0 & 0xFFFF

   \                                 In  segment BANK_RELAYS, align 1
   \                     ??SampleApp_Init?relay:
   \   000000   12....       LCALL   ?BDISPATCH
   \   000003   ......       DC24    SampleApp_Init

   \                                 In  segment BANK_RELAYS, align 1
   \                     ??SampleApp_ProcessEvent?relay:
   \   000000   12....       LCALL   ?BDISPATCH
   \   000003   ......       DC24    SampleApp_ProcessEvent

   \                                 In  segment BANK_RELAYS, align 1
   \                     ??SampleApp_HandleKeys?relay:
   \   000000   12....       LCALL   ?BDISPATCH
   \   000003   ......       DC24    SampleApp_HandleKeys

   \                                 In  segment BANK_RELAYS, align 1
   \                     ??SampleApp_MessageMSGCB?relay:
   \   000000   12....       LCALL   ?BDISPATCH
   \   000003   ......       DC24    SampleApp_MessageMSGCB

   \                                 In  segment BANK_RELAYS, align 1
   \                     ??SampleApp_SendPeriodicMessage?relay:
   \   000000   12....       LCALL   ?BDISPATCH
   \   000003   ......       DC24    SampleApp_SendPeriodicMessage

   \                                 In  segment BANK_RELAYS, align 1
   \                     ??SampleApp_SendFlashMessage?relay:
   \   000000   12....       LCALL   ?BDISPATCH
   \   000003   ......       DC24    SampleApp_SendFlashMessage

   \                                 In  segment XDATA_ROM_C, align 1
   \                     `?<Constant "Group 1">`:
   \   000000   47726F75     DB "Group 1"
   \            70203100
    468          
    469          /*********************************************************************
    470          *********************************************************************/
    471          

   Maximum stack usage in bytes:

     Function                       ISTACK PSTACK XSTACK
     --------                       ------ ------ ------
     SampleApp_HandleKeys               0      0     22
       -> SampleApp_SendFlashMessage
                                        0      0     20
       -> HalLedBlink                   0      0     20
       -> aps_FindGroup                 0      0     20
       -> aps_RemoveGroup               0      0     20
       -> aps_AddGroup                  0      0     20
     SampleApp_Init                     0      0     14
       -> ZDOInitDevice                 0      0     22
       -> afRegister                    0      0     22
       -> RegisterForKeys               0      0     22
       -> osal_memcpy                   0      0     28
       -> aps_AddGroup                  0      0     22
     SampleApp_MessageMSGCB             0      0     22
       -> HalLedBlink                   0      0     20
     SampleApp_ProcessEvent             0      0     12
       -> osal_msg_receive              0      0     24
       -> AT_HandleCMD                  0      0     24
       -> osal_msg_deallocate           0      0     24
       -> osal_msg_receive              0      0     24
       -> SampleApp_HandleKeys          0      0     24
       -> SampleApp_MessageMSGCB        0      0     24
       -> osal_start_timerEx            0      0     24
     SampleApp_SendFlashMessage         1      0     32
       -> AF_DataRequest                0      0     44
     SampleApp_SendPeriodicMessage      0      0     19
       -> AF_DataRequest                0      0     38


   Segment part sizes:

     Function/Label                        Bytes
     --------------                        -----
     SampleApp_ClusterList                    4
     SampleApp_SimpleDesc                    12
     SampleApp_epDesc                         6
     SampleApp_TaskID                         1
     SampleApp_NwkState                       1
     SampleApp_TransID                        1
     SampleApp_Periodic_DstAddr              12
     SampleApp_Flash_DstAddr                 12
     SampleApp_Group                         18
     SampleAppPeriodicCounter                 1
     SampleAppFlashCounter                    1
     SampleApp_Init                         155
     SampleApp_ProcessEvent                 161
     SampleApp_HandleKeys                    74
     ??Subroutine1_0                          5
     SampleApp_MessageMSGCB                  83
     ?Subroutine0                             3
     SampleApp_SendPeriodicMessage           69
     SampleApp_SendFlashMessage             118
     ??SampleApp_Init?relay                   6
     ??SampleApp_ProcessEvent?relay           6
     ??SampleApp_HandleKeys?relay             6
     ??SampleApp_MessageMSGCB?relay           6
     ??SampleApp_SendPeriodicMessage?relay    6
     ??SampleApp_SendFlashMessage?relay       6
     ?<Constant "Group 1">                    8

 
 668 bytes in segment BANKED_CODE
  36 bytes in segment BANK_RELAYS
  24 bytes in segment XDATA_ROM_C
  53 bytes in segment XDATA_Z
 
 704 bytes of CODE  memory
  24 bytes of CONST memory
  53 bytes of XDATA memory

Errors: none
Warnings: none
