###############################################################################
#                                                                             #
# IAR C/C++ Compiler V8.10.3.10338/W32 for 8051         15/Jun/2015  20:13:07 #
# Copyright 2004-2011 IAR Systems AB.                                         #
#                                                                             #
#    Core               =  plain                                              #
#    Code model         =  banked                                             #
#    Data model         =  large                                              #
#    Calling convention =  xdata reentrant                                    #
#    Constant location  =  data_rom                                           #
#    Dptr setup         =  1,16                                               #
#    Source file        =  S:\zigbee\Myzigbe\version 3.0 for new              #
#                          ZStack-CC2530-2.5.1a\Projects\zstack\AT            #
#                          commands\AT command 3.2\Source\AT_ZCL_ONOFF_data.c #
#    Command line       =  -f "S:\zigbee\Myzigbe\version 3.0 for new          #
#                          ZStack-CC2530-2.5.1a\Projects\zstack\AT            #
#                          commands\AT command 3.2\CC2530DB\..\..\..\Tools\CC #
#                          2530DB\f8wCoord.cfg" (-DCPU32MHZ                   #
#                          -DROOT=__near_func -DMAC_CFG_APP_PENDING_QUEUE=TRU #
#                          E -DMAC_CFG_TX_DATA_MAX=5 -DMAC_CFG_TX_MAX=8       #
#                          -DMAC_CFG_RX_MAX=5 -DZDO_COORDINATOR -DRTR_NWK)    #
#                          -f "S:\zigbee\Myzigbe\version 3.0 for new          #
#                          ZStack-CC2530-2.5.1a\Projects\zstack\AT            #
#                          commands\AT command 3.2\CC2530DB\..\..\..\Tools\CC #
#                          2530DB\f8wConfig.cfg" (-DZIGBEEPRO -DSECURE=0      #
#                          -DZG_SECURE_DYNAMIC=0 -DREFLECTOR                  #
#                          -DDEFAULT_CHANLIST=0x00000800                      #
#                          -DZDAPP_CONFIG_PAN_ID=0x2015                       #
#                          -DNWK_START_DELAY=100 -DEXTENDED_JOINING_RANDOM_MA #
#                          SK=0x007F -DBEACON_REQUEST_DELAY=100               #
#                          -DBEACON_REQ_DELAY_MASK=0x00FF                     #
#                          -DLINK_STATUS_JITTER_MASK=0x007F                   #
#                          -DROUTE_EXPIRY_TIME=30 -DAPSC_ACK_WAIT_DURATION_PO #
#                          LLED=3000 -DNWK_INDIRECT_MSG_TIMEOUT=7             #
#                          -DMAX_RREQ_ENTRIES=8 -DAPSC_MAX_FRAME_RETRIES=3    #
#                          -DNWK_MAX_DATA_RETRIES=2                           #
#                          -DMAX_POLL_FAILURE_RETRIES=2 -DMAX_BCAST=9         #
#                          -DAPS_MAX_GROUPS=16 -DMAX_RTG_ENTRIES=40           #
#                          -DNWK_MAX_BINDING_ENTRIES=4                        #
#                          -DMAX_BINDING_CLUSTER_IDS=4 "-DDEFAULT_KEY={0x01,  #
#                          0x03, 0x05, 0x07, 0x09, 0x0B, 0x0D, 0x0F, 0x00,    #
#                          0x02, 0x04, 0x06, 0x08, 0x0A, 0x0C, 0x0D}"         #
#                          -DMAC_MAX_FRAME_SIZE=116                           #
#                          -DZDNWKMGR_MIN_TRANSMISSIONS=20 "-DCONST=const     #
#                          __code" -DGENERIC=__generic                        #
#                          -DRFD_RCVC_ALWAYS_ON=FALSE -DPOLL_RATE=1000        #
#                          -DQUEUED_POLL_RATE=100 -DRESPONSE_POLL_RATE=100)   #
#                          -DREJOIN_POLL_RATE=440 "S:\zigbee\Myzigbe\version  #
#                          3.0 for new ZStack-CC2530-2.5.1a\Projects\zstack\A #
#                          T commands\AT command 3.2\Source\AT_ZCL_ONOFF_data #
#                          .c" -D ZIGBEEPRO -D NWK_AUTO_POLL -D               #
#                          HAL_UART=TRUE -D HOLD_AUTO_START -D NV_RESTORE -D  #
#                          REFLECTOR -D HAL_UART_ISR=1 -D HAL_UART_DMA=0 -D   #
#                          xHAL_UART_ISR_TX_MAX=200 -D xPOWER_SAVING -D       #
#                          ZCL_READ -D ZCL_WRITE -D ZCL_IDENTIFY -D           #
#                          ZCL_ON_OFF -D ZCL_DISCOVER -D xZTOOL_P1 -D         #
#                          xMT_TASK -D xMT_SYS_FUNC -D xMT_ZDO_FUNC -D        #
#                          xLCD_SUPPORTED=DEBUG -D xMT_UART_DEFAULT_OVERFLOW= #
#                          FALSE -lC "S:\zigbee\Myzigbe\version 3.0 for new   #
#                          ZStack-CC2530-2.5.1a\Projects\zstack\AT            #
#                          commands\AT command 3.2\CC2530DB\CoordinatorEB\Lis #
#                          t\" -lA "S:\zigbee\Myzigbe\version 3.0 for new     #
#                          ZStack-CC2530-2.5.1a\Projects\zstack\AT            #
#                          commands\AT command 3.2\CC2530DB\CoordinatorEB\Lis #
#                          t\" --diag_suppress Pe001,Pa010 -o                 #
#                          "S:\zigbee\Myzigbe\version 3.0 for new             #
#                          ZStack-CC2530-2.5.1a\Projects\zstack\AT            #
#                          commands\AT command 3.2\CC2530DB\CoordinatorEB\Obj #
#                          \" -e --no_code_motion --debug --core=plain        #
#                          --dptr=16,1 --data_model=large                     #
#                          --code_model=banked --calling_convention=xdata_ree #
#                          ntrant --place_constants=data_rom                  #
#                          --nr_virtual_regs 16 -I "S:\zigbee\Myzigbe\version #
#                           3.0 for new ZStack-CC2530-2.5.1a\Projects\zstack\ #
#                          AT commands\AT command 3.2\CC2530DB\" -I           #
#                          "S:\zigbee\Myzigbe\version 3.0 for new             #
#                          ZStack-CC2530-2.5.1a\Projects\zstack\AT            #
#                          commands\AT command 3.2\CC2530DB\..\Source\" -I    #
#                          "S:\zigbee\Myzigbe\version 3.0 for new             #
#                          ZStack-CC2530-2.5.1a\Projects\zstack\AT            #
#                          commands\AT command 3.2\CC2530DB\..\..\..\ZMain\TI #
#                          2530DB\" -I "S:\zigbee\Myzigbe\version 3.0 for     #
#                          new ZStack-CC2530-2.5.1a\Projects\zstack\AT        #
#                          commands\AT command 3.2\CC2530DB\..\..\..\..\..\Co #
#                          mponents\hal\include\" -I                          #
#                          "S:\zigbee\Myzigbe\version 3.0 for new             #
#                          ZStack-CC2530-2.5.1a\Projects\zstack\AT            #
#                          commands\AT command 3.2\CC2530DB\..\..\..\..\..\Co #
#                          mponents\hal\target\CC2530EB\" -I                  #
#                          "S:\zigbee\Myzigbe\version 3.0 for new             #
#                          ZStack-CC2530-2.5.1a\Projects\zstack\AT            #
#                          commands\AT command 3.2\CC2530DB\..\..\..\..\..\Co #
#                          mponents\mac\include\" -I                          #
#                          "S:\zigbee\Myzigbe\version 3.0 for new             #
#                          ZStack-CC2530-2.5.1a\Projects\zstack\AT            #
#                          commands\AT command 3.2\CC2530DB\..\..\..\..\..\Co #
#                          mponents\mac\high_level\" -I                       #
#                          "S:\zigbee\Myzigbe\version 3.0 for new             #
#                          ZStack-CC2530-2.5.1a\Projects\zstack\AT            #
#                          commands\AT command 3.2\CC2530DB\..\..\..\..\..\Co #
#                          mponents\mac\low_level\srf04\" -I                  #
#                          "S:\zigbee\Myzigbe\version 3.0 for new             #
#                          ZStack-CC2530-2.5.1a\Projects\zstack\AT            #
#                          commands\AT command 3.2\CC2530DB\..\..\..\..\..\Co #
#                          mponents\mac\low_level\srf04\single_chip\" -I      #
#                          "S:\zigbee\Myzigbe\version 3.0 for new             #
#                          ZStack-CC2530-2.5.1a\Projects\zstack\AT            #
#                          commands\AT command 3.2\CC2530DB\..\..\..\..\..\Co #
#                          mponents\mt\" -I "S:\zigbee\Myzigbe\version 3.0    #
#                          for new ZStack-CC2530-2.5.1a\Projects\zstack\AT    #
#                          commands\AT command 3.2\CC2530DB\..\..\..\..\..\Co #
#                          mponents\osal\include\" -I                         #
#                          "S:\zigbee\Myzigbe\version 3.0 for new             #
#                          ZStack-CC2530-2.5.1a\Projects\zstack\AT            #
#                          commands\AT command 3.2\CC2530DB\..\..\..\..\..\Co #
#                          mponents\services\saddr\" -I                       #
#                          "S:\zigbee\Myzigbe\version 3.0 for new             #
#                          ZStack-CC2530-2.5.1a\Projects\zstack\AT            #
#                          commands\AT command 3.2\CC2530DB\..\..\..\..\..\Co #
#                          mponents\services\sdata\" -I                       #
#                          "S:\zigbee\Myzigbe\version 3.0 for new             #
#                          ZStack-CC2530-2.5.1a\Projects\zstack\AT            #
#                          commands\AT command 3.2\CC2530DB\..\..\..\..\..\Co #
#                          mponents\stack\af\" -I "S:\zigbee\Myzigbe\version  #
#                          3.0 for new ZStack-CC2530-2.5.1a\Projects\zstack\A #
#                          T commands\AT command 3.2\CC2530DB\..\..\..\..\..\ #
#                          Components\stack\nwk\" -I                          #
#                          "S:\zigbee\Myzigbe\version 3.0 for new             #
#                          ZStack-CC2530-2.5.1a\Projects\zstack\AT            #
#                          commands\AT command 3.2\CC2530DB\..\..\..\..\..\Co #
#                          mponents\stack\sapi\" -I                           #
#                          "S:\zigbee\Myzigbe\version 3.0 for new             #
#                          ZStack-CC2530-2.5.1a\Projects\zstack\AT            #
#                          commands\AT command 3.2\CC2530DB\..\..\..\..\..\Co #
#                          mponents\stack\sec\" -I "S:\zigbee\Myzigbe\version #
#                           3.0 for new ZStack-CC2530-2.5.1a\Projects\zstack\ #
#                          AT commands\AT command 3.2\CC2530DB\..\..\..\..\.. #
#                          \Components\stack\sys\" -I                         #
#                          "S:\zigbee\Myzigbe\version 3.0 for new             #
#                          ZStack-CC2530-2.5.1a\Projects\zstack\AT            #
#                          commands\AT command 3.2\CC2530DB\..\..\..\..\..\Co #
#                          mponents\stack\zdo\" -I "S:\zigbee\Myzigbe\version #
#                           3.0 for new ZStack-CC2530-2.5.1a\Projects\zstack\ #
#                          AT commands\AT command 3.2\CC2530DB\..\..\..\..\.. #
#                          \Components\stack\zcl\" -I                         #
#                          "S:\zigbee\Myzigbe\version 3.0 for new             #
#                          ZStack-CC2530-2.5.1a\Projects\zstack\AT            #
#                          commands\AT command 3.2\CC2530DB\..\..\..\..\..\Co #
#                          mponents\zmac\" -I "S:\zigbee\Myzigbe\version 3.0  #
#                          for new ZStack-CC2530-2.5.1a\Projects\zstack\AT    #
#                          commands\AT command 3.2\CC2530DB\..\..\..\..\..\Co #
#                          mponents\zmac\f8w\" -Ohz --require_prototypes      #
#    List file          =  S:\zigbee\Myzigbe\version 3.0 for new              #
#                          ZStack-CC2530-2.5.1a\Projects\zstack\AT            #
#                          commands\AT command 3.2\CC2530DB\CoordinatorEB\Lis #
#                          t\AT_ZCL_ONOFF_data.lst                            #
#    Object file        =  S:\zigbee\Myzigbe\version 3.0 for new              #
#                          ZStack-CC2530-2.5.1a\Projects\zstack\AT            #
#                          commands\AT command 3.2\CC2530DB\CoordinatorEB\Obj #
#                          \AT_ZCL_ONOFF_data.r51                             #
#                                                                             #
#                                                                             #
###############################################################################

S:\zigbee\Myzigbe\version 3.0 for new ZStack-CC2530-2.5.1a\Projects\zstack\AT commands\AT command 3.2\Source\AT_ZCL_ONOFF_data.c
      1          /*********************************************************************
      2           * INCLUDES
      3           */
      4          #include "ZComDef.h"
      5          #include "OSAL.h"
      6          #include "AF.h"
      7          #include "ZDConfig.h"
      8          
      9          #include "zcl.h"
     10          #include "zcl_general.h"
     11          #include "zcl_ms.h"
     12          #include "zcl_ha.h"
     13          
     14          #include "AT_ZCL_ONOFF.h"
     15          
     16          
     17          #define AT_ZCL_ONOFF_DEVICE_VERSION     0
     18          #define AT_ZCL_ONOFF_FLAGS              0
     19          
     20          /*********************************************************************
     21           * GLOBAL VARIABLES
     22           */
     23          
     24          // Basic Cluster

   \                                 In  segment XDATA_ROM_C, align 1
     25          const uint8 AT_ZCL_ONOFF_ManufacturerName[] = { 5, 'E','S','S','E','X' };
   \                     AT_ZCL_ONOFF_ManufacturerName:
   \   000000   05           DB 5
   \   000001   45           DB 69
   \   000002   53           DB 83
   \   000003   53           DB 83
   \   000004   45           DB 69
   \   000005   58           DB 88

   \                                 In  segment XDATA_ROM_C, align 1
     26          const uint8 AT_ZCL_ONOFF_ModelId[] = { 5, 'R','E','L','A','Y' };
   \                     AT_ZCL_ONOFF_ModelId:
   \   000000   05           DB 5
   \   000001   52           DB 82
   \   000002   45           DB 69
   \   000003   4C           DB 76
   \   000004   41           DB 65
   \   000005   59           DB 89

   \                                 In  segment XDATA_ROM_C, align 1
     27          const uint8 AT_ZCL_ONOFF_DateCode[] = { 8, '2','0','1','5','0','4','1','0'};
   \                     AT_ZCL_ONOFF_DateCode:
   \   000000   08           DB 8
   \   000001   32           DB 50
   \   000002   30           DB 48
   \   000003   31           DB 49
   \   000004   35           DB 53
   \   000005   30           DB 48
   \   000006   34           DB 52
   \   000007   31           DB 49
   \   000008   30           DB 48

   \                                 In  segment XDATA_ROM_C, align 1
     28          const uint8 AT_ZCL_ONOFF_PowerSource = POWER_SOURCE_BATTERY;
   \                     AT_ZCL_ONOFF_PowerSource:
   \   000000   03           DB 3

   \                                 In  segment XDATA_I, align 1, keep-with-next
     29          uint8 AT_ZCL_ONOFF_LocationDescription[]={ 10, 'L','A','B','0','0','7',' ',' ',' ',' ' };
   \                     AT_ZCL_ONOFF_LocationDescription:
   \   000000                DS 11
   \   00000B                REQUIRE `?<Initializer for AT_ZCL_ONOFF_LocationDescrip`
   \   00000B                REQUIRE __INIT_XDATA_I

   \                                 In  segment XDATA_I, align 1, keep-with-next
     30          uint8 AT_ZCL_ONOFF_DeviceEnable = DEVICE_ENABLED;
   \                     AT_ZCL_ONOFF_DeviceEnable:
   \   000000                DS 1
   \   000001                REQUIRE `?<Initializer for AT_ZCL_ONOFF_DeviceEnable>`
   \   000001                REQUIRE __INIT_XDATA_I
     31          
     32          // Device Temperature Configuration Cluster

   \                                 In  segment XDATA_Z, align 1, keep-with-next
     33          int16 AT_ZCL_ONOFF_current=0;
   \                     AT_ZCL_ONOFF_current:
   \   000000                DS 2
   \   000002                REQUIRE __INIT_XDATA_Z
     34          
     35          // Identify Cluster

   \                                 In  segment XDATA_Z, align 1, keep-with-next
     36          uint16 AT_ZCL_ONOFF_IdentifyTime = 0;
   \                     AT_ZCL_ONOFF_IdentifyTime:
   \   000000                DS 2
   \   000002                REQUIRE __INIT_XDATA_Z
     37          
     38          
     39          // On/Off Cluster

   \                                 In  segment XDATA_Z, align 1, keep-with-next
     40          uint8  AT_ZCL_ONOFF_OnOff = AT_ZCL_GEN_OFF;
   \                     AT_ZCL_ONOFF_OnOff:
   \   000000                DS 1
   \   000001                REQUIRE __INIT_XDATA_Z
     41          
     42          /*********************************************************************
     43           * ATTRIBUTE DEFINITIONS - Uses REAL cluster IDs
     44           */

   \                                 In  segment CODE_C, align 1
     45          CONST zclAttrRec_t AT_ZCL_ONOFF_Attrs[AT_ZCL_ONOFF_MAX_ATTRIBUTES] =
   \                     AT_ZCL_ONOFF_Attrs:
   \   000000   0000         DW 0
   \   000002   0400         DW 4
   \   000004   42           DB 66
   \   000005   01           DB 1
   \   000006   ....         DW AT_ZCL_ONOFF_ManufacturerName
   \   000008   0000         DW 0
   \   00000A   0500         DW 5
   \   00000C   42           DB 66
   \   00000D   01           DB 1
   \   00000E   ....         DW AT_ZCL_ONOFF_ModelId
   \   000010   0000         DW 0
   \   000012   0600         DW 6
   \   000014   42           DB 66
   \   000015   01           DB 1
   \   000016   ....         DW AT_ZCL_ONOFF_DateCode
   \   000018   0000         DW 0
   \   00001A   0700         DW 7
   \   00001C   20           DB 32
   \   00001D   01           DB 1
   \   00001E   ....         DW AT_ZCL_ONOFF_PowerSource
   \   000020   0000         DW 0
   \   000022   1000         DW 16
   \   000024   42           DB 66
   \   000025   03           DB 3
   \   000026   ....         DW AT_ZCL_ONOFF_LocationDescription
   \   000028   0000         DW 0
   \   00002A   1200         DW 18
   \   00002C   10           DB 16
   \   00002D   03           DB 3
   \   00002E   ....         DW AT_ZCL_ONOFF_DeviceEnable
   \   000030   0300         DW 3
   \   000032   0000         DW 0
   \   000034   21           DB 33
   \   000035   03           DB 3
   \   000036   ....         DW AT_ZCL_ONOFF_IdentifyTime
   \   000038   0600         DW 6
   \   00003A   0000         DW 0
   \   00003C   20           DB 32
   \   00003D   01           DB 1
   \   00003E   ....         DW AT_ZCL_ONOFF_OnOff
   \   000040   00000000     DB 0, 0, 0, 0, 0, 0, 0, 0
   \            00000000
   \   000048   00000000     DB 0, 0, 0, 0, 0, 0, 0, 0
   \            00000000
     46          {
     47            // *** General Basic Cluster Attributes ***
     48            {
     49              ZCL_CLUSTER_ID_GEN_BASIC,             // Cluster IDs - defined in the foundation (ie. zcl.h)
     50              {  // Attribute record
     51                ATTRID_BASIC_MANUFACTURER_NAME,            // Attribute ID - Found in Cluster Library header (ie. zcl_general.h)
     52                ZCL_DATATYPE_CHAR_STR,                 // Data Type - found in zcl.h
     53                ACCESS_CONTROL_READ,                // Variable access control - found in zcl.h
     54                (void *)AT_ZCL_ONOFF_ManufacturerName  // Pointer to attribute variable
     55              }
     56            },
     57            {
     58              ZCL_CLUSTER_ID_GEN_BASIC,
     59              { // Attribute record
     60                ATTRID_BASIC_MODEL_ID,
     61                ZCL_DATATYPE_CHAR_STR,
     62                ACCESS_CONTROL_READ,
     63                (void *)AT_ZCL_ONOFF_ModelId
     64              }
     65            },
     66            {
     67              ZCL_CLUSTER_ID_GEN_BASIC,
     68              { // Attribute record
     69                ATTRID_BASIC_DATE_CODE,
     70                ZCL_DATATYPE_CHAR_STR,
     71                ACCESS_CONTROL_READ,
     72                (void *)AT_ZCL_ONOFF_DateCode
     73              }
     74            },
     75            {
     76              ZCL_CLUSTER_ID_GEN_BASIC,
     77              { // Attribute record
     78                ATTRID_BASIC_POWER_SOURCE,
     79                ZCL_DATATYPE_UINT8,
     80                ACCESS_CONTROL_READ,
     81                (void *)&AT_ZCL_ONOFF_PowerSource
     82              }
     83            },
     84            {
     85              ZCL_CLUSTER_ID_GEN_BASIC,
     86              { // Attribute record
     87                ATTRID_BASIC_LOCATION_DESC,
     88                ZCL_DATATYPE_CHAR_STR,
     89                (ACCESS_CONTROL_READ | ACCESS_CONTROL_WRITE),
     90                (void *)AT_ZCL_ONOFF_LocationDescription
     91              }
     92            },
     93            {
     94              ZCL_CLUSTER_ID_GEN_BASIC,
     95              { // Attribute record
     96                ATTRID_BASIC_DEVICE_ENABLED,
     97                ZCL_DATATYPE_BOOLEAN,
     98                (ACCESS_CONTROL_READ | ACCESS_CONTROL_WRITE),
     99                (void *)&AT_ZCL_ONOFF_DeviceEnable
    100              }
    101            },
    102          
    103            // *** Identify Cluster Attribute ***
    104            {
    105              ZCL_CLUSTER_ID_GEN_IDENTIFY,
    106              { // Attribute record
    107                ATTRID_IDENTIFY_TIME,
    108                ZCL_DATATYPE_UINT16,
    109                (ACCESS_CONTROL_READ | ACCESS_CONTROL_WRITE),
    110                (void *)&AT_ZCL_ONOFF_IdentifyTime
    111              }
    112            },
    113            
    114            // *** On/Off Cluster Attributes ***
    115            {
    116              ZCL_CLUSTER_ID_GEN_ON_OFF,
    117              { // Attribute record
    118                ATTRID_ON_OFF,
    119                ZCL_DATATYPE_UINT8,
    120                ACCESS_CONTROL_READ,
    121                (void *)&AT_ZCL_ONOFF_OnOff
    122              }
    123            }, 
    124          };
    125          
    126          
    127          
    128          /*********************************************************************
    129           * SIMPLE DESCRIPTOR
    130           */
    131          
    132          #define AT_ZCL_ONOFF_MAX_INCLUSTERS       3

   \                                 In  segment XDATA_ROM_C, align 1
    133          const cId_t AT_ZCL_ONOFF_InClusterList[AT_ZCL_ONOFF_MAX_INCLUSTERS] =
   \                     AT_ZCL_ONOFF_InClusterList:
   \   000000   0000         DW 0
   \   000002   0300         DW 3
   \   000004   0600         DW 6
    134          {
    135            ZCL_CLUSTER_ID_GEN_BASIC,
    136            ZCL_CLUSTER_ID_GEN_IDENTIFY,
    137            ZCL_CLUSTER_ID_GEN_ON_OFF
    138          };
    139          /*
    140          #define AT_ZCL_ONOFF_MAX_OUTCLUSTERS       1
    141          const cId_t AT_ZCL_ONOFF_OutClusterList[AT_ZCL_ONOFF_MAX_OUTCLUSTERS] =
    142          {
    143            ZCL_CLUSTER_ID_GEN_BASIC
    144          };*/
    145          

   \                                 In  segment XDATA_I, align 1, keep-with-next
    146          SimpleDescriptionFormat_t AT_ZCL_ONOFF_SimpleDesc =
   \                     AT_ZCL_ONOFF_SimpleDesc:
   \   000000                DS 12
   \   00000C                REQUIRE `?<Initializer for AT_ZCL_ONOFF_SimpleDesc>`
   \   00000C                REQUIRE __INIT_XDATA_I

   \                                 In  segment XDATA_ID, align 1, keep-with-next
   \                     `?<Initializer for AT_ZCL_ONOFF_LocationDescrip`:
   \   000000   0A           DB 10
   \   000001   4C           DB 76
   \   000002   41           DB 65
   \   000003   42           DB 66
   \   000004   30           DB 48
   \   000005   30           DB 48
   \   000006   37           DB 55
   \   000007   20           DB 32
   \   000008   20           DB 32
   \   000009   20           DB 32
   \   00000A   20           DB 32

   \                                 In  segment XDATA_ID, align 1, keep-with-next
   \                     `?<Initializer for AT_ZCL_ONOFF_DeviceEnable>`:
   \   000000   01           DB 1

   \                                 In  segment XDATA_ID, align 1, keep-with-next
   \                     `?<Initializer for AT_ZCL_ONOFF_SimpleDesc>`:
   \   000000   01           DB 1
   \   000001   0401         DW 260
   \   000003   FF00         DW 255
   \   000005   00           DB 0
   \   000006   03           DB 3
   \   000007   ....         DW AT_ZCL_ONOFF_InClusterList
   \   000009   00           DB 0
   \   00000A   0000         DW 0H
    147          {
    148            AT_ZCL_ONOFF_ENDPOINT,                  //  int Endpoint;
    149            ZCL_HA_PROFILE_ID,                     //  uint16 AppProfId[2];
    150            ZCL_HA_DEVICEID_TEST_DEVICE,           //  uint16 AppDeviceId[2];
    151            AT_ZCL_ONOFF_DEVICE_VERSION,            //  int   AppDevVer:4;
    152            AT_ZCL_ONOFF_FLAGS,                     //  int   AppFlags:4;
    153            AT_ZCL_ONOFF_MAX_INCLUSTERS,            //  byte  AppNumInClusters;
    154            (cId_t *)AT_ZCL_ONOFF_InClusterList,    //  byte *pAppInClusterList;
    155            0,                                       //  byte  AppNumInClusters;
    156            (cId_t *)NULL                           //  byte *pAppInClusterList;
    157          };


   Segment part sizes:

     Function/Label                                 Bytes
     --------------                                 -----
     AT_ZCL_ONOFF_ManufacturerName                     6
     AT_ZCL_ONOFF_ModelId                              6
     AT_ZCL_ONOFF_DateCode                             9
     AT_ZCL_ONOFF_PowerSource                          1
     AT_ZCL_ONOFF_LocationDescription
                                                      11
     AT_ZCL_ONOFF_DeviceEnable                         1
     AT_ZCL_ONOFF_current                              2
     AT_ZCL_ONOFF_IdentifyTime                         2
     AT_ZCL_ONOFF_OnOff                                1
     AT_ZCL_ONOFF_Attrs                               80
     AT_ZCL_ONOFF_InClusterList                        6
     AT_ZCL_ONOFF_SimpleDesc                          12
     ?<Initializer for AT_ZCL_ONOFF_LocationDescrip   11
     ?<Initializer for AT_ZCL_ONOFF_DeviceEnable>      1
     ?<Initializer for AT_ZCL_ONOFF_SimpleDesc>       12

 
 80 bytes in segment CODE_C
 24 bytes in segment XDATA_I
 24 bytes in segment XDATA_ID
 28 bytes in segment XDATA_ROM_C
  5 bytes in segment XDATA_Z
 
 104 bytes of CODE  memory
  28 bytes of CONST memory
  29 bytes of XDATA memory

Errors: none
Warnings: none
